<?xml version="1.0" encoding="UTF-8"?>
<!-- Generated by org.testng.reporters.JUnitXMLReporter -->
<testsuite ignored="1" hostname="josh-Latitude-3410" failures="0" tests="8" name="ElementsTest" time="30.248" errors="0" timestamp="2023-01-12T14:48:12 IST">
  <testcase classname="com.toolsQA.testCases.ElementsTest" name="textBoxTest" time="0.508"/>
  <testcase classname="com.toolsQA.testCases.ElementsTest" name="checkBoxTest" time="0.133"/>
  <testcase classname="com.toolsQA.testCases.ElementsTest" name="radioButtonTest" time="0.163"/>
  <testcase classname="com.toolsQA.testCases.ElementsTest" name="webTableTest" time="0.983"/>
  <testcase classname="com.toolsQA.testCases.ElementsTest" name="buttonsTest" time="0.604"/>
  <testcase classname="com.toolsQA.testCases.ElementsTest" name="linksTest" time="3.629"/>
  <testcase classname="com.toolsQA.testCases.ElementsTest" name="uploadDownlosd" time="0.161"/>
  <testcase classname="com.toolsQA.testCases.ElementsTest" name="dynamicPropertiesTest" time="5.246"/>
  <testcase classname="com.toolsQA.testCases.ElementsTest" name="brokenLinksTest" time="0.0">
    <ignored/>
  </testcase> <!-- brokenLinksTest -->
</testsuite> <!-- ElementsTest -->
