<?xml version="1.0" encoding="UTF-8"?>
<!-- Generated by org.testng.reporters.JUnitXMLReporter -->
<testsuite ignored="1" hostname="josh-Latitude-3410" failures="0" tests="6" name="Test" time="26.997" errors="0" timestamp="2023-01-09T15:17:12 IST">
  <testcase classname="com.toolsQA.testCases.ElementsTest" name="textBoxTest" time="1.281"/>
  <testcase classname="com.toolsQA.testCases.ElementsTest" name="checkBoxTest" time="0.217"/>
  <testcase classname="com.toolsQA.testCases.ElementsTest" name="radioButtonTest" time="0.237"/>
  <testcase classname="com.toolsQA.testCases.ElementsTest" name="buttonsTest" time="0.922"/>
  <testcase classname="com.toolsQA.testCases.ElementsTest" name="linksTest" time="3.793"/>
  <testcase classname="com.toolsQA.testCases.ElementsTest" name="dynamicPropertiesTest" time="5.485"/>
  <testcase classname="com.toolsQA.testCases.ElementsTest" name="brokenLinksTest" time="0.0">
    <ignored/>
  </testcase> <!-- brokenLinksTest -->
</testsuite> <!-- Test -->
