<?xml version="1.0" encoding="UTF-8"?>
<testng-results ignored="3" total="115" passed="107" failed="5" skipped="0">
  <reporter-output>
  </reporter-output>
  <suite started-at="2023-02-02T12:32:30 IST" name="Surefire suite" finished-at="2023-02-02T12:37:59 IST" duration-ms="329623">
    <groups>
    </groups>
    <test started-at="2023-02-02T12:32:30 IST" name="Surefire test" finished-at="2023-02-02T12:37:59 IST" duration-ms="329623">
      <class name="testcases.Tabs_Test">
        <test-method is-config="true" signature="setup()[pri:0, instance:testcases.Tabs_Test@5b43e173]" started-at="2023-02-02T12:36:32 IST" name="setup" finished-at="2023-02-02T12:36:37 IST" duration-ms="4769" status="PASS">
          <reporter-output>
          </reporter-output>
        </test-method> <!-- setup -->
        <test-method signature="navigate_to_tabs()[pri:0, instance:testcases.Tabs_Test@5b43e173]" started-at="2023-02-02T12:36:37 IST" name="navigate_to_tabs" finished-at="2023-02-02T12:36:38 IST" duration-ms="506" status="PASS">
          <reporter-output>
          </reporter-output>
        </test-method> <!-- navigate_to_tabs -->
        <test-method signature="switch_tabs()[pri:1, instance:testcases.Tabs_Test@5b43e173]" started-at="2023-02-02T12:36:38 IST" name="switch_tabs" finished-at="2023-02-02T12:36:38 IST" duration-ms="458" status="PASS">
          <reporter-output>
          </reporter-output>
        </test-method> <!-- switch_tabs -->
        <test-method is-config="true" signature="teardown()[pri:0, instance:testcases.Tabs_Test@5b43e173]" started-at="2023-02-02T12:36:38 IST" name="teardown" finished-at="2023-02-02T12:36:38 IST" duration-ms="132" status="PASS">
          <reporter-output>
          </reporter-output>
        </test-method> <!-- teardown -->
      </class> <!-- testcases.Tabs_Test -->
      <class name="testcases.BrokenLinks_Test">
        <test-method is-config="true" signature="setup()[pri:0, instance:testcases.BrokenLinks_Test@55a8dc49]" started-at="2023-02-02T12:36:08 IST" name="setup" finished-at="2023-02-02T12:36:14 IST" duration-ms="5472" status="PASS">
          <reporter-output>
          </reporter-output>
        </test-method> <!-- setup -->
        <test-method signature="navigate_to_BrokenLinks()[pri:0, instance:testcases.BrokenLinks_Test@55a8dc49]" started-at="2023-02-02T12:36:14 IST" name="navigate_to_BrokenLinks" finished-at="2023-02-02T12:36:14 IST" duration-ms="426" status="PASS">
          <reporter-output>
          </reporter-output>
        </test-method> <!-- navigate_to_BrokenLinks -->
        <test-method signature="findBrokenLink()[pri:1, instance:testcases.BrokenLinks_Test@55a8dc49]" started-at="2023-02-02T12:36:14 IST" name="findBrokenLink" finished-at="2023-02-02T12:36:15 IST" duration-ms="890" status="PASS">
          <reporter-output>
          </reporter-output>
        </test-method> <!-- findBrokenLink -->
        <test-method signature="findBrokenImages()[pri:2, instance:testcases.BrokenLinks_Test@55a8dc49]" started-at="2023-02-02T12:36:15 IST" name="findBrokenImages" finished-at="2023-02-02T12:36:16 IST" duration-ms="1278" status="PASS">
          <reporter-output>
          </reporter-output>
        </test-method> <!-- findBrokenImages -->
        <test-method is-config="true" signature="teardown()[pri:0, instance:testcases.BrokenLinks_Test@55a8dc49]" started-at="2023-02-02T12:36:16 IST" name="teardown" finished-at="2023-02-02T12:36:17 IST" duration-ms="143" status="PASS">
          <reporter-output>
          </reporter-output>
        </test-method> <!-- teardown -->
      </class> <!-- testcases.BrokenLinks_Test -->
      <class name="testcases.Modals_Test">
        <test-method is-config="true" signature="setup()[pri:0, instance:testcases.Modals_Test@333291e3]" started-at="2023-02-02T12:32:37 IST" name="setup" finished-at="2023-02-02T12:32:44 IST" duration-ms="7059" status="PASS">
          <reporter-output>
          </reporter-output>
        </test-method> <!-- setup -->
        <test-method signature="navigate_to_modal_dialogs()[pri:0, instance:testcases.Modals_Test@333291e3]" started-at="2023-02-02T12:32:44 IST" name="navigate_to_modal_dialogs" finished-at="2023-02-02T12:32:44 IST" duration-ms="679" status="PASS">
          <reporter-output>
          </reporter-output>
        </test-method> <!-- navigate_to_modal_dialogs -->
        <test-method signature="small_modal()[pri:1, instance:testcases.Modals_Test@333291e3]" started-at="2023-02-02T12:32:44 IST" name="small_modal" finished-at="2023-02-02T12:32:45 IST" duration-ms="630" status="PASS">
          <reporter-output>
          </reporter-output>
        </test-method> <!-- small_modal -->
        <test-method signature="large_modal()[pri:2, instance:testcases.Modals_Test@333291e3]" started-at="2023-02-02T12:32:45 IST" name="large_modal" finished-at="2023-02-02T12:32:46 IST" duration-ms="542" status="PASS">
          <reporter-output>
          </reporter-output>
        </test-method> <!-- large_modal -->
        <test-method is-config="true" signature="teardown()[pri:0, instance:testcases.Modals_Test@333291e3]" started-at="2023-02-02T12:32:46 IST" name="teardown" finished-at="2023-02-02T12:32:46 IST" duration-ms="156" status="PASS">
          <reporter-output>
          </reporter-output>
        </test-method> <!-- teardown -->
      </class> <!-- testcases.Modals_Test -->
      <class name="testcases.Datepicker_Test">
        <test-method is-config="true" signature="setup()[pri:0, instance:testcases.Datepicker_Test@74518890]" started-at="2023-02-02T12:34:30 IST" name="setup" finished-at="2023-02-02T12:34:41 IST" duration-ms="10990" status="PASS">
          <reporter-output>
          </reporter-output>
        </test-method> <!-- setup -->
        <test-method signature="navigate_to_datepicker()[pri:0, instance:testcases.Datepicker_Test@74518890]" started-at="2023-02-02T12:34:41 IST" name="navigate_to_datepicker" finished-at="2023-02-02T12:34:41 IST" duration-ms="430" status="PASS">
          <reporter-output>
          </reporter-output>
        </test-method> <!-- navigate_to_datepicker -->
        <test-method signature="calender1()[pri:1, instance:testcases.Datepicker_Test@74518890]" started-at="2023-02-02T12:34:41 IST" name="calender1" finished-at="2023-02-02T12:34:42 IST" duration-ms="724" status="PASS">
          <reporter-output>
          </reporter-output>
        </test-method> <!-- calender1 -->
        <test-method signature="calender2()[pri:2, instance:testcases.Datepicker_Test@74518890]" started-at="2023-02-02T12:34:42 IST" name="calender2" finished-at="2023-02-02T12:34:47 IST" duration-ms="5331" status="PASS">
          <reporter-output>
          </reporter-output>
        </test-method> <!-- calender2 -->
        <test-method is-config="true" signature="teardown()[pri:0, instance:testcases.Datepicker_Test@74518890]" started-at="2023-02-02T12:34:47 IST" name="teardown" finished-at="2023-02-02T12:34:47 IST" duration-ms="134" status="PASS">
          <reporter-output>
          </reporter-output>
        </test-method> <!-- teardown -->
      </class> <!-- testcases.Datepicker_Test -->
      <class name="testcases.Windows_Test">
        <test-method is-config="true" signature="setup()[pri:0, instance:testcases.Windows_Test@66f66866]" started-at="2023-02-02T12:36:38 IST" name="setup" finished-at="2023-02-02T12:36:43 IST" duration-ms="4729" status="PASS">
          <reporter-output>
          </reporter-output>
        </test-method> <!-- setup -->
        <test-method signature="navigate_to_windows()[pri:0, instance:testcases.Windows_Test@66f66866]" started-at="2023-02-02T12:36:43 IST" name="navigate_to_windows" finished-at="2023-02-02T12:36:43 IST" duration-ms="382" status="PASS">
          <reporter-output>
          </reporter-output>
        </test-method> <!-- navigate_to_windows -->
        <test-method signature="new_msg_window()[pri:1, instance:testcases.Windows_Test@66f66866]" started-at="2023-02-02T12:36:43 IST" name="new_msg_window" finished-at="2023-02-02T12:37:11 IST" duration-ms="27347" status="FAIL">
          <exception class="org.openqa.selenium.NoSuchElementException">
            <message>
              <![CDATA[Unable to find element with locator By.xpath: html/body
For documentation on this error, please visit: https://selenium.dev/exceptions/#no_such_element
Build info: version: '4.7.2', revision: '4d4020c3b7'
System info: os.name: 'Linux', os.arch: 'amd64', os.version: '5.14.0-1056-oem', java.version: '11.0.17'
Driver info: driver.version: RemoteWebDriver]]>
            </message>
            <full-stacktrace>
              <![CDATA[org.openqa.selenium.NoSuchElementException: Unable to find element with locator By.xpath: html/body
For documentation on this error, please visit: https://selenium.dev/exceptions/#no_such_element
Build info: version: '4.7.2', revision: '4d4020c3b7'
System info: os.name: 'Linux', os.arch: 'amd64', os.version: '5.14.0-1056-oem', java.version: '11.0.17'
Driver info: driver.version: RemoteWebDriver
at org.openqa.selenium.remote.ElementLocation$ElementFinder$2.findElement(ElementLocation.java:165)
at org.openqa.selenium.remote.ElementLocation.findElement(ElementLocation.java:60)
at org.openqa.selenium.remote.RemoteWebDriver.findElement(RemoteWebDriver.java:351)
at org.openqa.selenium.remote.RemoteWebDriver.findElement(RemoteWebDriver.java:343)
at locators.Windows_locators.msgWindowHeading(Windows_locators.java:32)
at actions.Windows.verify_msgwindow_heading(Windows.java:33)
at testcases.Windows_Test.new_msg_window(Windows_Test.java:53)
at java.base/jdk.internal.reflect.NativeMethodAccessorImpl.invoke0(Native Method)
at java.base/jdk.internal.reflect.NativeMethodAccessorImpl.invoke(NativeMethodAccessorImpl.java:62)
at java.base/jdk.internal.reflect.DelegatingMethodAccessorImpl.invoke(DelegatingMethodAccessorImpl.java:43)
at java.base/java.lang.reflect.Method.invoke(Method.java:566)
at org.testng.internal.invokers.MethodInvocationHelper.invokeMethod(MethodInvocationHelper.java:139)
at org.testng.internal.invokers.TestInvoker.invokeMethod(TestInvoker.java:677)
at org.testng.internal.invokers.TestInvoker.invokeTestMethod(TestInvoker.java:221)
at org.testng.internal.invokers.MethodRunner.runInSequence(MethodRunner.java:50)
at org.testng.internal.invokers.TestInvoker$MethodInvocationAgent.invoke(TestInvoker.java:969)
at org.testng.internal.invokers.TestInvoker.invokeTestMethods(TestInvoker.java:194)
at org.testng.internal.invokers.TestMethodWorker.invokeTestMethods(TestMethodWorker.java:148)
at org.testng.internal.invokers.TestMethodWorker.run(TestMethodWorker.java:128)
at java.base/java.util.ArrayList.forEach(ArrayList.java:1541)
at org.testng.TestRunner.privateRun(TestRunner.java:829)
at org.testng.TestRunner.run(TestRunner.java:602)
at org.testng.SuiteRunner.runTest(SuiteRunner.java:437)
at org.testng.SuiteRunner.runSequentially(SuiteRunner.java:431)
at org.testng.SuiteRunner.privateRun(SuiteRunner.java:391)
at org.testng.SuiteRunner.run(SuiteRunner.java:330)
at org.testng.SuiteRunnerWorker.runSuite(SuiteRunnerWorker.java:52)
at org.testng.SuiteRunnerWorker.run(SuiteRunnerWorker.java:95)
at org.testng.TestNG.runSuitesSequentially(TestNG.java:1256)
at org.testng.TestNG.runSuitesLocally(TestNG.java:1176)
at org.testng.TestNG.runSuites(TestNG.java:1099)
at org.testng.TestNG.run(TestNG.java:1067)
at org.apache.maven.surefire.testng.TestNGExecutor.run(TestNGExecutor.java:151)
at org.apache.maven.surefire.testng.TestNGDirectoryTestSuite.executeMulti(TestNGDirectoryTestSuite.java:192)
at org.apache.maven.surefire.testng.TestNGDirectoryTestSuite.execute(TestNGDirectoryTestSuite.java:93)
at org.apache.maven.surefire.testng.TestNGProvider.invoke(TestNGProvider.java:155)
at org.apache.maven.surefire.booter.ForkedBooter.runSuitesInProcess(ForkedBooter.java:456)
at org.apache.maven.surefire.booter.ForkedBooter.execute(ForkedBooter.java:169)
at org.apache.maven.surefire.booter.ForkedBooter.run(ForkedBooter.java:595)
at org.apache.maven.surefire.booter.ForkedBooter.main(ForkedBooter.java:581)
]]>
            </full-stacktrace>
          </exception> <!-- org.openqa.selenium.NoSuchElementException -->
          <reporter-output>
          </reporter-output>
        </test-method> <!-- new_msg_window -->
        <test-method is-config="true" signature="teardown()[pri:0, instance:testcases.Windows_Test@66f66866]" started-at="2023-02-02T12:37:11 IST" name="teardown" finished-at="2023-02-02T12:37:11 IST" duration-ms="104" status="PASS">
          <reporter-output>
          </reporter-output>
        </test-method> <!-- teardown -->
      </class> <!-- testcases.Windows_Test -->
      <class name="testcases.Checkbox_Test">
        <test-method is-config="true" signature="setup()[pri:0, instance:testcases.Checkbox_Test@76f10035]" started-at="2023-02-02T12:37:31 IST" name="setup" finished-at="2023-02-02T12:37:42 IST" duration-ms="11147" status="PASS">
          <reporter-output>
          </reporter-output>
        </test-method> <!-- setup -->
        <test-method signature="navigate_to_checkbox()[pri:0, instance:testcases.Checkbox_Test@76f10035]" started-at="2023-02-02T12:37:42 IST" name="navigate_to_checkbox" finished-at="2023-02-02T12:37:43 IST" duration-ms="513" status="PASS">
          <reporter-output>
          </reporter-output>
        </test-method> <!-- navigate_to_checkbox -->
        <test-method signature="checkbox()[pri:1, instance:testcases.Checkbox_Test@76f10035]" started-at="2023-02-02T12:37:43 IST" name="checkbox" finished-at="2023-02-02T12:37:43 IST" duration-ms="295" status="PASS">
          <reporter-output>
          </reporter-output>
        </test-method> <!-- checkbox -->
        <test-method is-config="true" signature="teardown()[pri:0, instance:testcases.Checkbox_Test@76f10035]" started-at="2023-02-02T12:37:43 IST" name="teardown" finished-at="2023-02-02T12:37:43 IST" duration-ms="101" status="PASS">
          <reporter-output>
          </reporter-output>
        </test-method> <!-- teardown -->
      </class> <!-- testcases.Checkbox_Test -->
      <class name="testcases.SelectMenu_Test">
        <test-method is-config="true" signature="setup()[pri:0, instance:testcases.SelectMenu_Test@5a6d5a8f]" started-at="2023-02-02T12:33:02 IST" name="setup" finished-at="2023-02-02T12:33:12 IST" duration-ms="10040" status="PASS">
          <reporter-output>
          </reporter-output>
        </test-method> <!-- setup -->
        <test-method signature="naviagate_to_selectmenu()[pri:0, instance:testcases.SelectMenu_Test@5a6d5a8f]" started-at="2023-02-02T12:33:12 IST" name="naviagate_to_selectmenu" finished-at="2023-02-02T12:33:13 IST" duration-ms="524" status="PASS">
          <reporter-output>
          </reporter-output>
        </test-method> <!-- naviagate_to_selectmenu -->
        <test-method signature="select_dropdown()[pri:1, instance:testcases.SelectMenu_Test@5a6d5a8f]" started-at="2023-02-02T12:33:13 IST" name="select_dropdown" finished-at="2023-02-02T12:33:13 IST" duration-ms="183" status="PASS">
          <reporter-output>
          </reporter-output>
        </test-method> <!-- select_dropdown -->
        <test-method signature="standard_multiselect()[pri:2, instance:testcases.SelectMenu_Test@5a6d5a8f]" started-at="2023-02-02T12:33:13 IST" name="standard_multiselect" finished-at="2023-02-02T12:33:13 IST" duration-ms="282" status="PASS">
          <reporter-output>
          </reporter-output>
        </test-method> <!-- standard_multiselect -->
        <test-method signature="multi_select()[pri:3, instance:testcases.SelectMenu_Test@5a6d5a8f]" started-at="2023-02-02T12:33:13 IST" name="multi_select" finished-at="2023-02-02T12:33:14 IST" duration-ms="604" status="PASS">
          <reporter-output>
          </reporter-output>
        </test-method> <!-- multi_select -->
        <test-method signature="value_dropdown()[pri:4, instance:testcases.SelectMenu_Test@5a6d5a8f]" started-at="2023-02-02T12:33:14 IST" name="value_dropdown" finished-at="2023-02-02T12:33:14 IST" duration-ms="467" status="PASS">
          <reporter-output>
          </reporter-output>
        </test-method> <!-- value_dropdown -->
        <test-method signature="one_dropdown()[pri:5, instance:testcases.SelectMenu_Test@5a6d5a8f]" started-at="2023-02-02T12:33:14 IST" name="one_dropdown" finished-at="2023-02-02T12:33:15 IST" duration-ms="351" status="PASS">
          <reporter-output>
          </reporter-output>
        </test-method> <!-- one_dropdown -->
        <test-method is-config="true" signature="teardown()[pri:0, instance:testcases.SelectMenu_Test@5a6d5a8f]" started-at="2023-02-02T12:33:15 IST" name="teardown" finished-at="2023-02-02T12:33:15 IST" duration-ms="102" status="PASS">
          <reporter-output>
          </reporter-output>
        </test-method> <!-- teardown -->
      </class> <!-- testcases.SelectMenu_Test -->
      <class name="testcases.Draggable_Test">
        <test-method is-config="true" signature="setup()[pri:0, instance:testcases.Draggable_Test@7e11ab3d]" started-at="2023-02-02T12:36:24 IST" name="setup" finished-at="2023-02-02T12:36:29 IST" duration-ms="5095" status="PASS">
          <reporter-output>
          </reporter-output>
        </test-method> <!-- setup -->
        <test-method signature="navigate_to_draggable()[pri:0, instance:testcases.Draggable_Test@7e11ab3d]" started-at="2023-02-02T12:36:29 IST" name="navigate_to_draggable" finished-at="2023-02-02T12:36:29 IST" duration-ms="402" status="PASS">
          <reporter-output>
          </reporter-output>
        </test-method> <!-- navigate_to_draggable -->
        <test-method signature="simple_drag()[pri:1, instance:testcases.Draggable_Test@7e11ab3d]" started-at="2023-02-02T12:36:29 IST" name="simple_drag" finished-at="2023-02-02T12:36:30 IST" duration-ms="441" status="PASS">
          <reporter-output>
          </reporter-output>
        </test-method> <!-- simple_drag -->
        <test-method signature="axis_tab_dragdrop()[pri:2, instance:testcases.Draggable_Test@7e11ab3d]" started-at="2023-02-02T12:36:30 IST" name="axis_tab_dragdrop" finished-at="2023-02-02T12:36:31 IST" duration-ms="1029" status="PASS">
          <reporter-output>
          </reporter-output>
        </test-method> <!-- axis_tab_dragdrop -->
        <test-method signature="container_tab_dragdrop()[pri:3, instance:testcases.Draggable_Test@7e11ab3d]" started-at="2023-02-02T12:36:31 IST" name="container_tab_dragdrop" finished-at="2023-02-02T12:36:32 IST" duration-ms="1195" status="PASS">
          <reporter-output>
          </reporter-output>
        </test-method> <!-- container_tab_dragdrop -->
        <test-method is-config="true" signature="teardown()[pri:0, instance:testcases.Draggable_Test@7e11ab3d]" started-at="2023-02-02T12:36:32 IST" name="teardown" finished-at="2023-02-02T12:36:32 IST" duration-ms="159" status="PASS">
          <reporter-output>
          </reporter-output>
        </test-method> <!-- teardown -->
      </class> <!-- testcases.Draggable_Test -->
      <class name="testcases.ToolTips_Test">
        <test-method is-config="true" signature="setup()[pri:0, instance:testcases.ToolTips_Test@498d318c]" started-at="2023-02-02T12:32:46 IST" name="setup" finished-at="2023-02-02T12:32:51 IST" duration-ms="5431" status="PASS">
          <reporter-output>
          </reporter-output>
        </test-method> <!-- setup -->
        <test-method signature="navigate_to_tooltips()[pri:0, instance:testcases.ToolTips_Test@498d318c]" started-at="2023-02-02T12:32:51 IST" name="navigate_to_tooltips" finished-at="2023-02-02T12:32:52 IST" duration-ms="424" status="PASS">
          <reporter-output>
          </reporter-output>
        </test-method> <!-- navigate_to_tooltips -->
        <test-method signature="hover_over_button()[pri:1, instance:testcases.ToolTips_Test@498d318c]" started-at="2023-02-02T12:32:52 IST" name="hover_over_button" finished-at="2023-02-02T12:32:52 IST" duration-ms="335" status="PASS">
          <reporter-output>
          </reporter-output>
        </test-method> <!-- hover_over_button -->
        <test-method signature="hover_over_textbox()[pri:2, instance:testcases.ToolTips_Test@498d318c]" started-at="2023-02-02T12:32:52 IST" name="hover_over_textbox" finished-at="2023-02-02T12:32:52 IST" duration-ms="141" status="PASS">
          <reporter-output>
          </reporter-output>
        </test-method> <!-- hover_over_textbox -->
        <test-method is-config="true" signature="teardown()[pri:0, instance:testcases.ToolTips_Test@498d318c]" started-at="2023-02-02T12:32:52 IST" name="teardown" finished-at="2023-02-02T12:32:52 IST" duration-ms="139" status="PASS">
          <reporter-output>
          </reporter-output>
        </test-method> <!-- teardown -->
      </class> <!-- testcases.ToolTips_Test -->
      <class name="testcases.PracticeForm_Test">
        <test-method is-config="true" signature="setup()[pri:0, instance:testcases.PracticeForm_Test@5bbbdd4b]" started-at="2023-02-02T12:32:52 IST" name="setup" finished-at="2023-02-02T12:32:57 IST" duration-ms="4948" status="PASS">
          <reporter-output>
          </reporter-output>
        </test-method> <!-- setup -->
        <test-method signature="navigate_to_practiceform()[pri:0, instance:testcases.PracticeForm_Test@5bbbdd4b]" started-at="2023-02-02T12:32:57 IST" name="navigate_to_practiceform" finished-at="2023-02-02T12:32:58 IST" duration-ms="522" status="PASS">
          <reporter-output>
          </reporter-output>
        </test-method> <!-- navigate_to_practiceform -->
        <test-method signature="verify_labels()[pri:1, instance:testcases.PracticeForm_Test@5bbbdd4b]" started-at="2023-02-02T12:32:58 IST" name="verify_labels" finished-at="2023-02-02T12:32:58 IST" duration-ms="567" status="PASS">
          <reporter-output>
          </reporter-output>
        </test-method> <!-- verify_labels -->
        <test-method signature="enter_form_data()[pri:2, instance:testcases.PracticeForm_Test@5bbbdd4b]" started-at="2023-02-02T12:32:58 IST" name="enter_form_data" finished-at="2023-02-02T12:33:02 IST" duration-ms="4003" status="PASS">
          <reporter-output>
          </reporter-output>
        </test-method> <!-- enter_form_data -->
        <test-method is-config="true" signature="teardown()[pri:0, instance:testcases.PracticeForm_Test@5bbbdd4b]" started-at="2023-02-02T12:33:02 IST" name="teardown" finished-at="2023-02-02T12:33:02 IST" duration-ms="103" status="PASS">
          <reporter-output>
          </reporter-output>
        </test-method> <!-- teardown -->
      </class> <!-- testcases.PracticeForm_Test -->
      <class name="testcases.Frames_Test">
        <test-method is-config="true" signature="setup()[pri:0, instance:testcases.Frames_Test@14c053c6]" started-at="2023-02-02T12:34:47 IST" name="setup" finished-at="2023-02-02T12:35:13 IST" duration-ms="25962" status="PASS">
          <reporter-output>
          </reporter-output>
        </test-method> <!-- setup -->
        <test-method signature="navigate_to_frames()[pri:0, instance:testcases.Frames_Test@14c053c6]" started-at="2023-02-02T12:35:13 IST" name="navigate_to_frames" finished-at="2023-02-02T12:35:14 IST" duration-ms="371" status="PASS">
          <reporter-output>
          </reporter-output>
        </test-method> <!-- navigate_to_frames -->
        <test-method signature="frame1()[pri:1, instance:testcases.Frames_Test@14c053c6]" started-at="2023-02-02T12:35:14 IST" name="frame1" finished-at="2023-02-02T12:35:14 IST" duration-ms="319" status="PASS">
          <reporter-output>
          </reporter-output>
        </test-method> <!-- frame1 -->
        <test-method signature="frame2()[pri:2, instance:testcases.Frames_Test@14c053c6]" started-at="2023-02-02T12:35:14 IST" name="frame2" finished-at="2023-02-02T12:35:14 IST" duration-ms="168" status="PASS">
          <reporter-output>
          </reporter-output>
        </test-method> <!-- frame2 -->
        <test-method is-config="true" signature="teardown()[pri:0, instance:testcases.Frames_Test@14c053c6]" started-at="2023-02-02T12:35:14 IST" name="teardown" finished-at="2023-02-02T12:35:14 IST" duration-ms="102" status="PASS">
          <reporter-output>
          </reporter-output>
        </test-method> <!-- teardown -->
      </class> <!-- testcases.Frames_Test -->
      <class name="testcases.NestedFrames_Test">
        <test-method is-config="true" signature="setup()[pri:0, instance:testcases.NestedFrames_Test@15051a0]" started-at="2023-02-02T12:33:57 IST" name="setup" finished-at="2023-02-02T12:34:02 IST" duration-ms="5340" status="PASS">
          <reporter-output>
          </reporter-output>
        </test-method> <!-- setup -->
        <test-method signature="navigate_to_nested_frames()[pri:0, instance:testcases.NestedFrames_Test@15051a0]" started-at="2023-02-02T12:34:02 IST" name="navigate_to_nested_frames" finished-at="2023-02-02T12:34:03 IST" duration-ms="509" status="PASS">
          <reporter-output>
          </reporter-output>
        </test-method> <!-- navigate_to_nested_frames -->
        <test-method signature="outer_frame()[pri:1, instance:testcases.NestedFrames_Test@15051a0]" started-at="2023-02-02T12:34:03 IST" name="outer_frame" finished-at="2023-02-02T12:34:04 IST" duration-ms="942" status="PASS">
          <reporter-output>
          </reporter-output>
        </test-method> <!-- outer_frame -->
        <test-method signature="inner_frame()[pri:2, instance:testcases.NestedFrames_Test@15051a0]" started-at="2023-02-02T12:34:04 IST" name="inner_frame" finished-at="2023-02-02T12:34:04 IST" duration-ms="157" status="PASS">
          <reporter-output>
          </reporter-output>
        </test-method> <!-- inner_frame -->
        <test-method is-config="true" signature="teardown()[pri:0, instance:testcases.NestedFrames_Test@15051a0]" started-at="2023-02-02T12:34:04 IST" name="teardown" finished-at="2023-02-02T12:34:04 IST" duration-ms="120" status="PASS">
          <reporter-output>
          </reporter-output>
        </test-method> <!-- teardown -->
      </class> <!-- testcases.NestedFrames_Test -->
      <class name="testcases.Textbox_Test">
        <test-method is-config="true" signature="setup()[pri:0, instance:testcases.Textbox_Test@1af1347d]" started-at="2023-02-02T12:33:15 IST" name="setup" finished-at="2023-02-02T12:33:29 IST" duration-ms="14472" status="PASS">
          <reporter-output>
          </reporter-output>
        </test-method> <!-- setup -->
        <test-method signature="navigate_to_textbox()[pri:0, instance:testcases.Textbox_Test@1af1347d]" started-at="2023-02-02T12:33:29 IST" name="navigate_to_textbox" finished-at="2023-02-02T12:33:30 IST" duration-ms="404" status="PASS">
          <reporter-output>
          </reporter-output>
        </test-method> <!-- navigate_to_textbox -->
        <test-method signature="verify_labels()[pri:1, instance:testcases.Textbox_Test@1af1347d]" started-at="2023-02-02T12:33:30 IST" name="verify_labels" finished-at="2023-02-02T12:33:30 IST" duration-ms="191" status="PASS">
          <reporter-output>
          </reporter-output>
        </test-method> <!-- verify_labels -->
        <test-method signature="enter_data(java.lang.String,java.lang.String)[pri:2, instance:testcases.Textbox_Test@1af1347d]" started-at="2023-02-02T12:33:30 IST" name="enter_data" data-provider="textboxDP" finished-at="2023-02-02T12:33:30 IST" duration-ms="295" status="PASS">
          <params>
            <param index="0">
              <value>
                <![CDATA[Name]]>
              </value>
            </param>
            <param index="1">
              <value>
                <![CDATA[Pallavi Patil]]>
              </value>
            </param>
          </params>
          <reporter-output>
          </reporter-output>
        </test-method> <!-- enter_data -->
        <test-method signature="enter_data(java.lang.String,java.lang.String)[pri:2, instance:testcases.Textbox_Test@1af1347d]" started-at="2023-02-02T12:33:30 IST" name="enter_data" data-provider="textboxDP" finished-at="2023-02-02T12:33:31 IST" duration-ms="152" status="PASS">
          <params>
            <param index="0">
              <value>
                <![CDATA[Email]]>
              </value>
            </param>
            <param index="1">
              <value>
                <![CDATA[pallavi.patil@joshsoftware.com]]>
              </value>
            </param>
          </params>
          <reporter-output>
          </reporter-output>
        </test-method> <!-- enter_data -->
        <test-method signature="enter_data(java.lang.String,java.lang.String)[pri:2, instance:testcases.Textbox_Test@1af1347d]" started-at="2023-02-02T12:33:31 IST" name="enter_data" data-provider="textboxDP" finished-at="2023-02-02T12:33:31 IST" duration-ms="85" status="PASS">
          <params>
            <param index="0">
              <value>
                <![CDATA[Current address]]>
              </value>
            </param>
            <param index="1">
              <value>
                <![CDATA[Pune]]>
              </value>
            </param>
          </params>
          <reporter-output>
          </reporter-output>
        </test-method> <!-- enter_data -->
        <test-method signature="enter_data(java.lang.String,java.lang.String)[pri:2, instance:testcases.Textbox_Test@1af1347d]" started-at="2023-02-02T12:33:31 IST" name="enter_data" data-provider="textboxDP" finished-at="2023-02-02T12:33:31 IST" duration-ms="90" status="PASS">
          <params>
            <param index="0">
              <value>
                <![CDATA[Permanent Address]]>
              </value>
            </param>
            <param index="1">
              <value>
                <![CDATA[Miraj]]>
              </value>
            </param>
          </params>
          <reporter-output>
          </reporter-output>
        </test-method> <!-- enter_data -->
        <test-method signature="click_submit()[pri:3, instance:testcases.Textbox_Test@1af1347d]" started-at="2023-02-02T12:33:31 IST" name="click_submit" finished-at="2023-02-02T12:33:31 IST" duration-ms="107" status="PASS">
          <reporter-output>
          </reporter-output>
        </test-method> <!-- click_submit -->
        <test-method signature="verify_submitted_data()[pri:4, instance:testcases.Textbox_Test@1af1347d]" started-at="2023-02-02T12:33:31 IST" name="verify_submitted_data" finished-at="2023-02-02T12:33:31 IST" duration-ms="216" status="PASS">
          <reporter-output>
          </reporter-output>
        </test-method> <!-- verify_submitted_data -->
        <test-method is-config="true" signature="teardown()[pri:0, instance:testcases.Textbox_Test@1af1347d]" started-at="2023-02-02T12:33:31 IST" name="teardown" finished-at="2023-02-02T12:33:31 IST" duration-ms="101" status="PASS">
          <reporter-output>
          </reporter-output>
        </test-method> <!-- teardown -->
      </class> <!-- testcases.Textbox_Test -->
      <class name="testcases.Alerts_Test">
        <test-method is-config="true" signature="setup()[pri:0, instance:testcases.Alerts_Test@3b809711]" started-at="2023-02-02T12:35:45 IST" name="setup" finished-at="2023-02-02T12:35:56 IST" duration-ms="10315" status="PASS">
          <reporter-output>
          </reporter-output>
        </test-method> <!-- setup -->
        <test-method signature="navigate_to_alerts()[pri:0, instance:testcases.Alerts_Test@3b809711]" started-at="2023-02-02T12:35:56 IST" name="navigate_to_alerts" finished-at="2023-02-02T12:35:56 IST" duration-ms="522" status="PASS">
          <reporter-output>
          </reporter-output>
        </test-method> <!-- navigate_to_alerts -->
        <test-method signature="handle_simple_alert()[pri:1, instance:testcases.Alerts_Test@3b809711]" started-at="2023-02-02T12:35:56 IST" name="handle_simple_alert" finished-at="2023-02-02T12:35:56 IST" duration-ms="316" status="PASS">
          <reporter-output>
          </reporter-output>
        </test-method> <!-- handle_simple_alert -->
        <test-method signature="handle_delay_alert()[pri:2, instance:testcases.Alerts_Test@3b809711]" started-at="2023-02-02T12:35:56 IST" name="handle_delay_alert" finished-at="2023-02-02T12:36:02 IST" duration-ms="5302" status="PASS">
          <reporter-output>
          </reporter-output>
        </test-method> <!-- handle_delay_alert -->
        <test-method signature="handle_confirm_alert()[pri:3, instance:testcases.Alerts_Test@3b809711]" started-at="2023-02-02T12:36:02 IST" name="handle_confirm_alert" finished-at="2023-02-02T12:36:02 IST" duration-ms="305" status="PASS">
          <reporter-output>
          </reporter-output>
        </test-method> <!-- handle_confirm_alert -->
        <test-method signature="handle_prompt_alert()[pri:4, instance:testcases.Alerts_Test@3b809711]" started-at="2023-02-02T12:36:02 IST" name="handle_prompt_alert" finished-at="2023-02-02T12:36:02 IST" duration-ms="127" status="PASS">
          <reporter-output>
          </reporter-output>
        </test-method> <!-- handle_prompt_alert -->
        <test-method is-config="true" signature="teardown()[pri:0, instance:testcases.Alerts_Test@3b809711]" started-at="2023-02-02T12:36:02 IST" name="teardown" finished-at="2023-02-02T12:36:02 IST" duration-ms="106" status="PASS">
          <reporter-output>
          </reporter-output>
        </test-method> <!-- teardown -->
      </class> <!-- testcases.Alerts_Test -->
      <class name="testcases.Buttons_Test">
        <test-method is-config="true" signature="setup()[pri:0, instance:testcases.Buttons_Test@15b986cd]" started-at="2023-02-02T12:37:43 IST" name="setup" finished-at="2023-02-02T12:37:50 IST" duration-ms="6351" status="PASS">
          <reporter-output>
          </reporter-output>
        </test-method> <!-- setup -->
        <test-method signature="navigateToButtons()[pri:0, instance:testcases.Buttons_Test@15b986cd]" started-at="2023-02-02T12:37:50 IST" name="navigateToButtons" finished-at="2023-02-02T12:37:50 IST" duration-ms="567" status="PASS">
          <reporter-output>
          </reporter-output>
        </test-method> <!-- navigateToButtons -->
        <test-method signature="doubleClick()[pri:1, instance:testcases.Buttons_Test@15b986cd]" started-at="2023-02-02T12:37:50 IST" name="doubleClick" finished-at="2023-02-02T12:37:50 IST" duration-ms="230" status="PASS">
          <reporter-output>
          </reporter-output>
        </test-method> <!-- doubleClick -->
        <test-method signature="rightClick()[pri:2, instance:testcases.Buttons_Test@15b986cd]" started-at="2023-02-02T12:37:50 IST" name="rightClick" finished-at="2023-02-02T12:37:51 IST" duration-ms="301" status="PASS">
          <reporter-output>
          </reporter-output>
        </test-method> <!-- rightClick -->
        <test-method signature="dynamicClick()[pri:3, instance:testcases.Buttons_Test@15b986cd]" started-at="2023-02-02T12:37:51 IST" name="dynamicClick" finished-at="2023-02-02T12:37:51 IST" duration-ms="680" status="PASS">
          <reporter-output>
          </reporter-output>
        </test-method> <!-- dynamicClick -->
        <test-method is-config="true" signature="teardown()[pri:0, instance:testcases.Buttons_Test@15b986cd]" started-at="2023-02-02T12:37:51 IST" name="teardown" finished-at="2023-02-02T12:37:51 IST" duration-ms="102" status="PASS">
          <reporter-output>
          </reporter-output>
        </test-method> <!-- teardown -->
      </class> <!-- testcases.Buttons_Test -->
      <class name="testcases.Webtable_Test">
        <test-method is-config="true" signature="setup()[pri:0, instance:testcases.Webtable_Test@5d52e3ef]" started-at="2023-02-02T12:37:11 IST" name="setup" finished-at="2023-02-02T12:37:16 IST" duration-ms="5090" status="PASS">
          <reporter-output>
          </reporter-output>
        </test-method> <!-- setup -->
        <test-method signature="navigate_to_webtable()[pri:0, instance:testcases.Webtable_Test@5d52e3ef]" started-at="2023-02-02T12:37:16 IST" name="navigate_to_webtable" finished-at="2023-02-02T12:37:16 IST" duration-ms="611" status="PASS">
          <reporter-output>
          </reporter-output>
        </test-method> <!-- navigate_to_webtable -->
        <test-method signature="printRow1()[pri:1, instance:testcases.Webtable_Test@5d52e3ef]" started-at="2023-02-02T12:37:16 IST" name="printRow1" finished-at="2023-02-02T12:37:17 IST" duration-ms="1041" status="PASS">
          <reporter-output>
          </reporter-output>
        </test-method> <!-- printRow1 -->
        <test-method signature="edit_Row1(java.lang.String,java.lang.String)[pri:2, instance:testcases.Webtable_Test@5d52e3ef]" started-at="2023-02-02T12:37:18 IST" name="edit_Row1" data-provider="webtableDP" finished-at="2023-02-02T12:37:18 IST" duration-ms="456" status="PASS">
          <params>
            <param index="0">
              <value>
                <![CDATA[First Name]]>
              </value>
            </param>
            <param index="1">
              <value>
                <![CDATA[Pallavi]]>
              </value>
            </param>
          </params>
          <reporter-output>
          </reporter-output>
        </test-method> <!-- edit_Row1 -->
        <test-method signature="edit_Row1(java.lang.String,java.lang.String)[pri:2, instance:testcases.Webtable_Test@5d52e3ef]" started-at="2023-02-02T12:37:18 IST" name="edit_Row1" data-provider="webtableDP" finished-at="2023-02-02T12:37:18 IST" duration-ms="471" status="PASS">
          <params>
            <param index="0">
              <value>
                <![CDATA[Last Name]]>
              </value>
            </param>
            <param index="1">
              <value>
                <![CDATA[Patil]]>
              </value>
            </param>
          </params>
          <reporter-output>
          </reporter-output>
        </test-method> <!-- edit_Row1 -->
        <test-method signature="edit_Row1(java.lang.String,java.lang.String)[pri:2, instance:testcases.Webtable_Test@5d52e3ef]" started-at="2023-02-02T12:37:18 IST" name="edit_Row1" data-provider="webtableDP" finished-at="2023-02-02T12:37:19 IST" duration-ms="510" status="PASS">
          <params>
            <param index="0">
              <value>
                <![CDATA[Email]]>
              </value>
            </param>
            <param index="1">
              <value>
                <![CDATA[pallavi.patil@joshsoftware.com]]>
              </value>
            </param>
          </params>
          <reporter-output>
          </reporter-output>
        </test-method> <!-- edit_Row1 -->
        <test-method signature="edit_Row1(java.lang.String,java.lang.String)[pri:2, instance:testcases.Webtable_Test@5d52e3ef]" started-at="2023-02-02T12:37:19 IST" name="edit_Row1" data-provider="webtableDP" finished-at="2023-02-02T12:37:19 IST" duration-ms="43" status="PASS">
          <params>
            <param index="0">
              <value>
                <![CDATA[Age]]>
              </value>
            </param>
            <param index="1">
              <value>
                <![CDATA[26]]>
              </value>
            </param>
          </params>
          <reporter-output>
          </reporter-output>
        </test-method> <!-- edit_Row1 -->
        <test-method signature="edit_Row1(java.lang.String,java.lang.String)[pri:2, instance:testcases.Webtable_Test@5d52e3ef]" started-at="2023-02-02T12:37:19 IST" name="edit_Row1" data-provider="webtableDP" finished-at="2023-02-02T12:37:19 IST" duration-ms="395" status="PASS">
          <params>
            <param index="0">
              <value>
                <![CDATA[Salary]]>
              </value>
            </param>
            <param index="1">
              <value>
                <![CDATA[11111]]>
              </value>
            </param>
          </params>
          <reporter-output>
          </reporter-output>
        </test-method> <!-- edit_Row1 -->
        <test-method signature="edit_Row1(java.lang.String,java.lang.String)[pri:2, instance:testcases.Webtable_Test@5d52e3ef]" started-at="2023-02-02T12:37:19 IST" name="edit_Row1" data-provider="webtableDP" finished-at="2023-02-02T12:37:20 IST" duration-ms="166" status="PASS">
          <params>
            <param index="0">
              <value>
                <![CDATA[Department]]>
              </value>
            </param>
            <param index="1">
              <value>
                <![CDATA[QA]]>
              </value>
            </param>
          </params>
          <reporter-output>
          </reporter-output>
        </test-method> <!-- edit_Row1 -->
        <test-method signature="submit_Data()[pri:3, instance:testcases.Webtable_Test@5d52e3ef]" started-at="2023-02-02T12:37:20 IST" name="submit_Data" finished-at="2023-02-02T12:37:20 IST" duration-ms="119" status="PASS">
          <reporter-output>
          </reporter-output>
        </test-method> <!-- submit_Data -->
        <test-method signature="verify_Edits_to_Row1()[pri:4, instance:testcases.Webtable_Test@5d52e3ef]" started-at="2023-02-02T12:37:20 IST" name="verify_Edits_to_Row1" finished-at="2023-02-02T12:37:20 IST" duration-ms="146" status="PASS">
          <reporter-output>
          </reporter-output>
        </test-method> <!-- verify_Edits_to_Row1 -->
        <test-method is-config="true" signature="teardown()[pri:0, instance:testcases.Webtable_Test@5d52e3ef]" started-at="2023-02-02T12:37:20 IST" name="teardown" finished-at="2023-02-02T12:37:20 IST" duration-ms="102" status="PASS">
          <reporter-output>
          </reporter-output>
        </test-method> <!-- teardown -->
      </class> <!-- testcases.Webtable_Test -->
      <class name="testcases.UploadDownload_Test">
        <test-method is-config="true" signature="setup()[pri:0, instance:testcases.UploadDownload_Test@73e132e0]" started-at="2023-02-02T12:35:30 IST" name="setup" finished-at="2023-02-02T12:35:36 IST" duration-ms="6561" status="PASS">
          <reporter-output>
          </reporter-output>
        </test-method> <!-- setup -->
        <test-method signature="navigateToButtons()[pri:0, instance:testcases.UploadDownload_Test@73e132e0]" started-at="2023-02-02T12:35:36 IST" name="navigateToButtons" finished-at="2023-02-02T12:35:37 IST" duration-ms="560" status="PASS">
          <reporter-output>
          </reporter-output>
        </test-method> <!-- navigateToButtons -->
        <test-method signature="uploadFile()[pri:1, instance:testcases.UploadDownload_Test@73e132e0]" started-at="2023-02-02T12:35:37 IST" name="uploadFile" finished-at="2023-02-02T12:35:37 IST" duration-ms="152" status="PASS">
          <reporter-output>
          </reporter-output>
        </test-method> <!-- uploadFile -->
        <test-method signature="downloadFile()[pri:2, instance:testcases.UploadDownload_Test@73e132e0]" started-at="2023-02-02T12:35:37 IST" name="downloadFile" finished-at="2023-02-02T12:35:37 IST" duration-ms="244" status="PASS">
          <reporter-output>
          </reporter-output>
        </test-method> <!-- downloadFile -->
        <test-method is-config="true" signature="teardown()[pri:0, instance:testcases.UploadDownload_Test@73e132e0]" started-at="2023-02-02T12:35:37 IST" name="teardown" finished-at="2023-02-02T12:35:37 IST" duration-ms="104" status="PASS">
          <reporter-output>
          </reporter-output>
        </test-method> <!-- teardown -->
      </class> <!-- testcases.UploadDownload_Test -->
      <class name="testcases.Resizable_Test">
        <test-method is-config="true" signature="setup()[pri:0, instance:testcases.Resizable_Test@29b732a2]" started-at="2023-02-02T12:33:49 IST" name="setup" finished-at="2023-02-02T12:33:55 IST" duration-ms="5762" status="PASS">
          <reporter-output>
          </reporter-output>
        </test-method> <!-- setup -->
        <test-method signature="navigate_to_resizable()[pri:0, instance:testcases.Resizable_Test@29b732a2]" started-at="2023-02-02T12:33:55 IST" name="navigate_to_resizable" finished-at="2023-02-02T12:33:55 IST" duration-ms="452" status="PASS">
          <reporter-output>
          </reporter-output>
        </test-method> <!-- navigate_to_resizable -->
        <test-method signature="resize_box_contained()[pri:1, instance:testcases.Resizable_Test@29b732a2]" started-at="2023-02-02T12:33:55 IST" name="resize_box_contained" finished-at="2023-02-02T12:33:56 IST" duration-ms="652" status="PASS">
          <reporter-output>
          </reporter-output>
        </test-method> <!-- resize_box_contained -->
        <test-method signature="resize_page_contained()[pri:2, instance:testcases.Resizable_Test@29b732a2]" started-at="2023-02-02T12:33:56 IST" name="resize_page_contained" finished-at="2023-02-02T12:33:57 IST" duration-ms="648" status="PASS">
          <reporter-output>
          </reporter-output>
        </test-method> <!-- resize_page_contained -->
        <test-method is-config="true" signature="teardown()[pri:0, instance:testcases.Resizable_Test@29b732a2]" started-at="2023-02-02T12:33:57 IST" name="teardown" finished-at="2023-02-02T12:33:57 IST" duration-ms="108" status="PASS">
          <reporter-output>
          </reporter-output>
        </test-method> <!-- teardown -->
      </class> <!-- testcases.Resizable_Test -->
      <class name="testcases.Menu_Test">
        <test-method is-config="true" signature="setup()[pri:0, instance:testcases.Menu_Test@62df0ff3]" started-at="2023-02-02T12:34:04 IST" name="setup" finished-at="2023-02-02T12:34:13 IST" duration-ms="9505" status="PASS">
          <reporter-output>
          </reporter-output>
        </test-method> <!-- setup -->
        <test-method signature="navigate_to_menu()[pri:0, instance:testcases.Menu_Test@62df0ff3]" started-at="2023-02-02T12:34:13 IST" name="navigate_to_menu" finished-at="2023-02-02T12:34:14 IST" duration-ms="487" status="PASS">
          <reporter-output>
          </reporter-output>
        </test-method> <!-- navigate_to_menu -->
        <test-method signature="menu1()[pri:1, instance:testcases.Menu_Test@62df0ff3]" started-at="2023-02-02T12:34:14 IST" name="menu1" finished-at="2023-02-02T12:34:14 IST" duration-ms="345" status="PASS">
          <reporter-output>
          </reporter-output>
        </test-method> <!-- menu1 -->
        <test-method signature="menu3()[pri:2, instance:testcases.Menu_Test@62df0ff3]" started-at="2023-02-02T12:34:14 IST" name="menu3" finished-at="2023-02-02T12:34:14 IST" duration-ms="162" status="PASS">
          <reporter-output>
          </reporter-output>
        </test-method> <!-- menu3 -->
        <test-method signature="menu2()[pri:3, instance:testcases.Menu_Test@62df0ff3]" started-at="2023-02-02T12:34:14 IST" name="menu2" finished-at="2023-02-02T12:34:15 IST" duration-ms="509" status="PASS">
          <reporter-output>
          </reporter-output>
        </test-method> <!-- menu2 -->
        <test-method signature="hover_over_submenu()[pri:4, instance:testcases.Menu_Test@62df0ff3]" started-at="2023-02-02T12:34:15 IST" name="hover_over_submenu" finished-at="2023-02-02T12:34:16 IST" duration-ms="627" status="PASS">
          <reporter-output>
          </reporter-output>
        </test-method> <!-- hover_over_submenu -->
        <test-method is-config="true" signature="teardown()[pri:0, instance:testcases.Menu_Test@62df0ff3]" started-at="2023-02-02T12:34:16 IST" name="teardown" finished-at="2023-02-02T12:34:16 IST" duration-ms="145" status="PASS">
          <reporter-output>
          </reporter-output>
        </test-method> <!-- teardown -->
      </class> <!-- testcases.Menu_Test -->
      <class name="testcases.ProgressBar_Test">
        <test-method is-config="true" signature="setup()[pri:0, instance:testcases.ProgressBar_Test@5c84624f]" started-at="2023-02-02T12:36:02 IST" name="setup" finished-at="2023-02-02T12:36:07 IST" duration-ms="5057" status="PASS">
          <reporter-output>
          </reporter-output>
        </test-method> <!-- setup -->
        <test-method signature="navigate_to_progressbar()[pri:0, instance:testcases.ProgressBar_Test@5c84624f]" started-at="2023-02-02T12:36:07 IST" name="navigate_to_progressbar" finished-at="2023-02-02T12:36:08 IST" duration-ms="351" status="PASS">
          <reporter-output>
          </reporter-output>
        </test-method> <!-- navigate_to_progressbar -->
        <test-method signature="track_progress_before_start()[pri:1, instance:testcases.ProgressBar_Test@5c84624f]" started-at="2023-02-02T12:36:08 IST" name="track_progress_before_start" finished-at="2023-02-02T12:36:08 IST" duration-ms="42" status="PASS">
          <reporter-output>
          </reporter-output>
        </test-method> <!-- track_progress_before_start -->
        <test-method signature="click_on_start()[pri:2, instance:testcases.ProgressBar_Test@5c84624f]" started-at="2023-02-02T12:36:08 IST" name="click_on_start" finished-at="2023-02-02T12:36:08 IST" duration-ms="241" status="PASS">
          <reporter-output>
          </reporter-output>
        </test-method> <!-- click_on_start -->
        <test-method signature="click_on_stop()[pri:3, instance:testcases.ProgressBar_Test@5c84624f]" started-at="2023-02-02T12:36:08 IST" name="click_on_stop" finished-at="2023-02-02T12:36:08 IST" duration-ms="192" status="PASS">
          <reporter-output>
          </reporter-output>
        </test-method> <!-- click_on_stop -->
        <test-method signature="compare_progress()[pri:4, instance:testcases.ProgressBar_Test@5c84624f]" started-at="2023-02-02T12:36:08 IST" name="compare_progress" finished-at="2023-02-02T12:36:08 IST" duration-ms="97" status="PASS">
          <reporter-output>
          </reporter-output>
        </test-method> <!-- compare_progress -->
        <test-method is-config="true" signature="teardown()[pri:0, instance:testcases.ProgressBar_Test@5c84624f]" started-at="2023-02-02T12:36:08 IST" name="teardown" finished-at="2023-02-02T12:36:08 IST" duration-ms="138" status="PASS">
          <reporter-output>
          </reporter-output>
        </test-method> <!-- teardown -->
      </class> <!-- testcases.ProgressBar_Test -->
      <class name="testcases.AutoComplete_Test">
        <test-method is-config="true" signature="setup()[pri:0, instance:testcases.AutoComplete_Test@6134ac4a]" started-at="2023-02-02T12:35:14 IST" name="setup" finished-at="2023-02-02T12:35:28 IST" duration-ms="13719" status="PASS">
          <reporter-output>
          </reporter-output>
        </test-method> <!-- setup -->
        <test-method signature="navigate_to_autocomplete()[pri:0, instance:testcases.AutoComplete_Test@6134ac4a]" started-at="2023-02-02T12:35:28 IST" name="navigate_to_autocomplete" finished-at="2023-02-02T12:35:29 IST" duration-ms="477" status="PASS">
          <reporter-output>
          </reporter-output>
        </test-method> <!-- navigate_to_autocomplete -->
        <test-method signature="multi_colors_textbox()[pri:1, instance:testcases.AutoComplete_Test@6134ac4a]" started-at="2023-02-02T12:35:29 IST" name="multi_colors_textbox" finished-at="2023-02-02T12:35:29 IST" duration-ms="510" status="PASS">
          <reporter-output>
          </reporter-output>
        </test-method> <!-- multi_colors_textbox -->
        <test-method signature="single_color_textbox()[pri:2, instance:testcases.AutoComplete_Test@6134ac4a]" started-at="2023-02-02T12:35:29 IST" name="single_color_textbox" finished-at="2023-02-02T12:35:29 IST" duration-ms="258" status="PASS">
          <reporter-output>
          </reporter-output>
        </test-method> <!-- single_color_textbox -->
        <test-method is-config="true" signature="teardown()[pri:0, instance:testcases.AutoComplete_Test@6134ac4a]" started-at="2023-02-02T12:35:29 IST" name="teardown" finished-at="2023-02-02T12:35:30 IST" duration-ms="123" status="PASS">
          <reporter-output>
          </reporter-output>
        </test-method> <!-- teardown -->
      </class> <!-- testcases.AutoComplete_Test -->
      <class name="testcases.Sortable_Test">
        <test-method is-config="true" signature="setup()[pri:0, instance:testcases.Sortable_Test@393671df]" started-at="2023-02-02T12:32:30 IST" name="setup" finished-at="2023-02-02T12:32:36 IST" duration-ms="5892" status="PASS">
          <reporter-output>
          </reporter-output>
        </test-method> <!-- setup -->
        <test-method signature="navigate_to_sortable()[pri:0, instance:testcases.Sortable_Test@393671df]" started-at="2023-02-02T12:32:36 IST" name="navigate_to_sortable" finished-at="2023-02-02T12:32:36 IST" duration-ms="393" status="PASS">
          <reporter-output>
          </reporter-output>
        </test-method> <!-- navigate_to_sortable -->
        <test-method signature="grid()[pri:1, instance:testcases.Sortable_Test@393671df]" started-at="2023-02-02T12:32:36 IST" name="grid" finished-at="2023-02-02T12:32:36 IST" duration-ms="319" status="PASS">
          <reporter-output>
          </reporter-output>
        </test-method> <!-- grid -->
        <test-method signature="list()[pri:2, instance:testcases.Sortable_Test@393671df]" started-at="2023-02-02T12:32:36 IST" name="list" finished-at="2023-02-02T12:32:37 IST" duration-ms="116" status="PASS">
          <reporter-output>
          </reporter-output>
        </test-method> <!-- list -->
        <test-method is-config="true" signature="teardown()[pri:0, instance:testcases.Sortable_Test@393671df]" started-at="2023-02-02T12:32:37 IST" name="teardown" finished-at="2023-02-02T12:32:37 IST" duration-ms="133" status="PASS">
          <reporter-output>
          </reporter-output>
        </test-method> <!-- teardown -->
      </class> <!-- testcases.Sortable_Test -->
      <class name="testcases.Selectable_Test">
        <test-method is-config="true" signature="setup()[pri:0, instance:testcases.Selectable_Test@6b530eb9]" started-at="2023-02-02T12:37:51 IST" name="setup" finished-at="2023-02-02T12:37:58 IST" duration-ms="6227" status="PASS">
          <reporter-output>
          </reporter-output>
        </test-method> <!-- setup -->
        <test-method signature="navigate_to_selectable()[pri:0, instance:testcases.Selectable_Test@6b530eb9]" started-at="2023-02-02T12:37:58 IST" name="navigate_to_selectable" finished-at="2023-02-02T12:37:58 IST" duration-ms="334" status="PASS">
          <reporter-output>
          </reporter-output>
        </test-method> <!-- navigate_to_selectable -->
        <test-method signature="select_all_list_options()[pri:1, instance:testcases.Selectable_Test@6b530eb9]" started-at="2023-02-02T12:37:58 IST" name="select_all_list_options" finished-at="2023-02-02T12:37:58 IST" duration-ms="279" status="PASS">
          <reporter-output>
          </reporter-output>
        </test-method> <!-- select_all_list_options -->
        <test-method signature="switch_to_grid()[pri:2, instance:testcases.Selectable_Test@6b530eb9]" started-at="2023-02-02T12:37:58 IST" name="switch_to_grid" finished-at="2023-02-02T12:37:59 IST" duration-ms="923" status="PASS">
          <reporter-output>
          </reporter-output>
        </test-method> <!-- switch_to_grid -->
        <test-method is-config="true" signature="teardown()[pri:0, instance:testcases.Selectable_Test@6b530eb9]" started-at="2023-02-02T12:37:59 IST" name="teardown" finished-at="2023-02-02T12:37:59 IST" duration-ms="108" status="PASS">
          <reporter-output>
          </reporter-output>
        </test-method> <!-- teardown -->
      </class> <!-- testcases.Selectable_Test -->
      <class name="testcases.DynamicProperties_Test">
        <test-method is-config="true" signature="setup()[pri:0, instance:testcases.DynamicProperties_Test@26f3d90c]" started-at="2023-02-02T12:34:16 IST" name="setup" finished-at="2023-02-02T12:34:24 IST" duration-ms="8213" status="PASS">
          <reporter-output>
          </reporter-output>
        </test-method> <!-- setup -->
        <test-method signature="navigateToDynamicProperties()[pri:0, instance:testcases.DynamicProperties_Test@26f3d90c]" started-at="2023-02-02T12:34:24 IST" name="navigateToDynamicProperties" finished-at="2023-02-02T12:34:25 IST" duration-ms="677" status="PASS">
          <reporter-output>
          </reporter-output>
        </test-method> <!-- navigateToDynamicProperties -->
        <test-method signature="verifyDisabledBtn()[pri:1, instance:testcases.DynamicProperties_Test@26f3d90c]" started-at="2023-02-02T12:34:25 IST" name="verifyDisabledBtn" finished-at="2023-02-02T12:34:25 IST" duration-ms="77" status="PASS">
          <reporter-output>
          </reporter-output>
        </test-method> <!-- verifyDisabledBtn -->
        <test-method signature="buttonColorBefore()[pri:2, instance:testcases.DynamicProperties_Test@26f3d90c]" started-at="2023-02-02T12:34:25 IST" name="buttonColorBefore" finished-at="2023-02-02T12:34:25 IST" duration-ms="81" status="PASS">
          <reporter-output>
          </reporter-output>
        </test-method> <!-- buttonColorBefore -->
        <test-method signature="verifyEnabledBtn()[pri:3, instance:testcases.DynamicProperties_Test@26f3d90c]" started-at="2023-02-02T12:34:25 IST" name="verifyEnabledBtn" finished-at="2023-02-02T12:34:30 IST" duration-ms="4904" status="PASS">
          <reporter-output>
          </reporter-output>
        </test-method> <!-- verifyEnabledBtn -->
        <test-method signature="verifyBtnColorChange()[pri:4, instance:testcases.DynamicProperties_Test@26f3d90c]" started-at="2023-02-02T12:34:30 IST" name="verifyBtnColorChange" finished-at="2023-02-02T12:34:30 IST" duration-ms="35" status="PASS">
          <reporter-output>
          </reporter-output>
        </test-method> <!-- verifyBtnColorChange -->
        <test-method signature="verifyVisibilityOfInvisibleBtn()[pri:5, instance:testcases.DynamicProperties_Test@26f3d90c]" started-at="2023-02-02T12:34:30 IST" name="verifyVisibilityOfInvisibleBtn" finished-at="2023-02-02T12:34:30 IST" duration-ms="34" status="PASS">
          <reporter-output>
          </reporter-output>
        </test-method> <!-- verifyVisibilityOfInvisibleBtn -->
        <test-method is-config="true" signature="teardown()[pri:0, instance:testcases.DynamicProperties_Test@26f3d90c]" started-at="2023-02-02T12:34:30 IST" name="teardown" finished-at="2023-02-02T12:34:30 IST" duration-ms="110" status="PASS">
          <reporter-output>
          </reporter-output>
        </test-method> <!-- teardown -->
      </class> <!-- testcases.DynamicProperties_Test -->
      <class name="testcases.Droppable_Test">
        <test-method is-config="true" signature="setup()[pri:0, instance:testcases.Droppable_Test@71ea1fda]" started-at="2023-02-02T12:36:17 IST" name="setup" finished-at="2023-02-02T12:36:22 IST" duration-ms="4967" status="PASS">
          <reporter-output>
          </reporter-output>
        </test-method> <!-- setup -->
        <test-method signature="navigate_to_droppable()[pri:0, instance:testcases.Droppable_Test@71ea1fda]" started-at="2023-02-02T12:36:22 IST" name="navigate_to_droppable" finished-at="2023-02-02T12:36:22 IST" duration-ms="582" status="PASS">
          <reporter-output>
          </reporter-output>
        </test-method> <!-- navigate_to_droppable -->
        <test-method signature="simple_drag_drop()[pri:1, instance:testcases.Droppable_Test@71ea1fda]" started-at="2023-02-02T12:36:22 IST" name="simple_drag_drop" finished-at="2023-02-02T12:36:23 IST" duration-ms="754" status="FAIL">
          <exception class="java.lang.AssertionError">
            <message>
              <![CDATA[expected [Dropped!] but found [Drop here]]]>
            </message>
            <full-stacktrace>
              <![CDATA[java.lang.AssertionError: expected [Dropped!] but found [Drop here]
at org.testng.Assert.fail(Assert.java:110)
at org.testng.Assert.failNotEquals(Assert.java:1577)
at org.testng.Assert.assertEqualsImpl(Assert.java:149)
at org.testng.Assert.assertEquals(Assert.java:131)
at org.testng.Assert.assertEquals(Assert.java:655)
at org.testng.Assert.assertEquals(Assert.java:665)
at base.Base.verify_text(Base.java:80)
at actions.Droppable.verify_simple_drop_successful(Droppable.java:22)
at testcases.Droppable_Test.simple_drag_drop(Droppable_Test.java:21)
at java.base/jdk.internal.reflect.NativeMethodAccessorImpl.invoke0(Native Method)
at java.base/jdk.internal.reflect.NativeMethodAccessorImpl.invoke(NativeMethodAccessorImpl.java:62)
at java.base/jdk.internal.reflect.DelegatingMethodAccessorImpl.invoke(DelegatingMethodAccessorImpl.java:43)
at java.base/java.lang.reflect.Method.invoke(Method.java:566)
at org.testng.internal.invokers.MethodInvocationHelper.invokeMethod(MethodInvocationHelper.java:139)
at org.testng.internal.invokers.TestInvoker.invokeMethod(TestInvoker.java:677)
at org.testng.internal.invokers.TestInvoker.invokeTestMethod(TestInvoker.java:221)
at org.testng.internal.invokers.MethodRunner.runInSequence(MethodRunner.java:50)
at org.testng.internal.invokers.TestInvoker$MethodInvocationAgent.invoke(TestInvoker.java:969)
at org.testng.internal.invokers.TestInvoker.invokeTestMethods(TestInvoker.java:194)
at org.testng.internal.invokers.TestMethodWorker.invokeTestMethods(TestMethodWorker.java:148)
at org.testng.internal.invokers.TestMethodWorker.run(TestMethodWorker.java:128)
at java.base/java.util.ArrayList.forEach(ArrayList.java:1541)
at org.testng.TestRunner.privateRun(TestRunner.java:829)
at org.testng.TestRunner.run(TestRunner.java:602)
at org.testng.SuiteRunner.runTest(SuiteRunner.java:437)
at org.testng.SuiteRunner.runSequentially(SuiteRunner.java:431)
at org.testng.SuiteRunner.privateRun(SuiteRunner.java:391)
at org.testng.SuiteRunner.run(SuiteRunner.java:330)
at org.testng.SuiteRunnerWorker.runSuite(SuiteRunnerWorker.java:52)
at org.testng.SuiteRunnerWorker.run(SuiteRunnerWorker.java:95)
at org.testng.TestNG.runSuitesSequentially(TestNG.java:1256)
at org.testng.TestNG.runSuitesLocally(TestNG.java:1176)
at org.testng.TestNG.runSuites(TestNG.java:1099)
at org.testng.TestNG.run(TestNG.java:1067)
at org.apache.maven.surefire.testng.TestNGExecutor.run(TestNGExecutor.java:151)
at org.apache.maven.surefire.testng.TestNGDirectoryTestSuite.executeMulti(TestNGDirectoryTestSuite.java:192)
at org.apache.maven.surefire.testng.TestNGDirectoryTestSuite.execute(TestNGDirectoryTestSuite.java:93)
at org.apache.maven.surefire.testng.TestNGProvider.invoke(TestNGProvider.java:155)
at org.apache.maven.surefire.booter.ForkedBooter.runSuitesInProcess(ForkedBooter.java:456)
at org.apache.maven.surefire.booter.ForkedBooter.execute(ForkedBooter.java:169)
at org.apache.maven.surefire.booter.ForkedBooter.run(ForkedBooter.java:595)
at org.apache.maven.surefire.booter.ForkedBooter.main(ForkedBooter.java:581)
]]>
            </full-stacktrace>
          </exception> <!-- java.lang.AssertionError -->
          <reporter-output>
          </reporter-output>
        </test-method> <!-- simple_drag_drop -->
        <test-method signature="accept_tab_dragdrop()[pri:2, instance:testcases.Droppable_Test@71ea1fda]" started-at="2023-02-02T12:36:23 IST" name="accept_tab_dragdrop" finished-at="2023-02-02T12:36:23 IST" duration-ms="311" status="FAIL">
          <exception class="java.lang.AssertionError">
            <message>
              <![CDATA[expected [Drop here] but found []]]>
            </message>
            <full-stacktrace>
              <![CDATA[java.lang.AssertionError: expected [Drop here] but found []
at org.testng.Assert.fail(Assert.java:110)
at org.testng.Assert.failNotEquals(Assert.java:1577)
at org.testng.Assert.assertEqualsImpl(Assert.java:149)
at org.testng.Assert.assertEquals(Assert.java:131)
at org.testng.Assert.assertEquals(Assert.java:655)
at org.testng.Assert.assertEquals(Assert.java:665)
at base.Base.verify_text(Base.java:80)
at actions.Droppable.not_acceptable_drop(Droppable.java:37)
at testcases.Droppable_Test.accept_tab_dragdrop(Droppable_Test.java:27)
at java.base/jdk.internal.reflect.NativeMethodAccessorImpl.invoke0(Native Method)
at java.base/jdk.internal.reflect.NativeMethodAccessorImpl.invoke(NativeMethodAccessorImpl.java:62)
at java.base/jdk.internal.reflect.DelegatingMethodAccessorImpl.invoke(DelegatingMethodAccessorImpl.java:43)
at java.base/java.lang.reflect.Method.invoke(Method.java:566)
at org.testng.internal.invokers.MethodInvocationHelper.invokeMethod(MethodInvocationHelper.java:139)
at org.testng.internal.invokers.TestInvoker.invokeMethod(TestInvoker.java:677)
at org.testng.internal.invokers.TestInvoker.invokeTestMethod(TestInvoker.java:221)
at org.testng.internal.invokers.MethodRunner.runInSequence(MethodRunner.java:50)
at org.testng.internal.invokers.TestInvoker$MethodInvocationAgent.invoke(TestInvoker.java:969)
at org.testng.internal.invokers.TestInvoker.invokeTestMethods(TestInvoker.java:194)
at org.testng.internal.invokers.TestMethodWorker.invokeTestMethods(TestMethodWorker.java:148)
at org.testng.internal.invokers.TestMethodWorker.run(TestMethodWorker.java:128)
at java.base/java.util.ArrayList.forEach(ArrayList.java:1541)
at org.testng.TestRunner.privateRun(TestRunner.java:829)
at org.testng.TestRunner.run(TestRunner.java:602)
at org.testng.SuiteRunner.runTest(SuiteRunner.java:437)
at org.testng.SuiteRunner.runSequentially(SuiteRunner.java:431)
at org.testng.SuiteRunner.privateRun(SuiteRunner.java:391)
at org.testng.SuiteRunner.run(SuiteRunner.java:330)
at org.testng.SuiteRunnerWorker.runSuite(SuiteRunnerWorker.java:52)
at org.testng.SuiteRunnerWorker.run(SuiteRunnerWorker.java:95)
at org.testng.TestNG.runSuitesSequentially(TestNG.java:1256)
at org.testng.TestNG.runSuitesLocally(TestNG.java:1176)
at org.testng.TestNG.runSuites(TestNG.java:1099)
at org.testng.TestNG.run(TestNG.java:1067)
at org.apache.maven.surefire.testng.TestNGExecutor.run(TestNGExecutor.java:151)
at org.apache.maven.surefire.testng.TestNGDirectoryTestSuite.executeMulti(TestNGDirectoryTestSuite.java:192)
at org.apache.maven.surefire.testng.TestNGDirectoryTestSuite.execute(TestNGDirectoryTestSuite.java:93)
at org.apache.maven.surefire.testng.TestNGProvider.invoke(TestNGProvider.java:155)
at org.apache.maven.surefire.booter.ForkedBooter.runSuitesInProcess(ForkedBooter.java:456)
at org.apache.maven.surefire.booter.ForkedBooter.execute(ForkedBooter.java:169)
at org.apache.maven.surefire.booter.ForkedBooter.run(ForkedBooter.java:595)
at org.apache.maven.surefire.booter.ForkedBooter.main(ForkedBooter.java:581)
]]>
            </full-stacktrace>
          </exception> <!-- java.lang.AssertionError -->
          <reporter-output>
          </reporter-output>
        </test-method> <!-- accept_tab_dragdrop -->
        <test-method signature="prevent_propagation_tab_dragdrop()[pri:3, instance:testcases.Droppable_Test@71ea1fda]" started-at="2023-02-02T12:36:23 IST" name="prevent_propagation_tab_dragdrop" finished-at="2023-02-02T12:36:24 IST" duration-ms="320" status="FAIL">
          <exception class="java.lang.AssertionError">
            <message>
              <![CDATA[expected [Inner droppable (greedy)] but found []]]>
            </message>
            <full-stacktrace>
              <![CDATA[java.lang.AssertionError: expected [Inner droppable (greedy)] but found []
at org.testng.Assert.fail(Assert.java:110)
at org.testng.Assert.failNotEquals(Assert.java:1577)
at org.testng.Assert.assertEqualsImpl(Assert.java:149)
at org.testng.Assert.assertEquals(Assert.java:131)
at org.testng.Assert.assertEquals(Assert.java:655)
at org.testng.Assert.assertEquals(Assert.java:665)
at base.Base.verify_text(Base.java:80)
at actions.Droppable.greedy_inner_drop(Droppable.java:66)
at testcases.Droppable_Test.prevent_propagation_tab_dragdrop(Droppable_Test.java:36)
at java.base/jdk.internal.reflect.NativeMethodAccessorImpl.invoke0(Native Method)
at java.base/jdk.internal.reflect.NativeMethodAccessorImpl.invoke(NativeMethodAccessorImpl.java:62)
at java.base/jdk.internal.reflect.DelegatingMethodAccessorImpl.invoke(DelegatingMethodAccessorImpl.java:43)
at java.base/java.lang.reflect.Method.invoke(Method.java:566)
at org.testng.internal.invokers.MethodInvocationHelper.invokeMethod(MethodInvocationHelper.java:139)
at org.testng.internal.invokers.TestInvoker.invokeMethod(TestInvoker.java:677)
at org.testng.internal.invokers.TestInvoker.invokeTestMethod(TestInvoker.java:221)
at org.testng.internal.invokers.MethodRunner.runInSequence(MethodRunner.java:50)
at org.testng.internal.invokers.TestInvoker$MethodInvocationAgent.invoke(TestInvoker.java:969)
at org.testng.internal.invokers.TestInvoker.invokeTestMethods(TestInvoker.java:194)
at org.testng.internal.invokers.TestMethodWorker.invokeTestMethods(TestMethodWorker.java:148)
at org.testng.internal.invokers.TestMethodWorker.run(TestMethodWorker.java:128)
at java.base/java.util.ArrayList.forEach(ArrayList.java:1541)
at org.testng.TestRunner.privateRun(TestRunner.java:829)
at org.testng.TestRunner.run(TestRunner.java:602)
at org.testng.SuiteRunner.runTest(SuiteRunner.java:437)
at org.testng.SuiteRunner.runSequentially(SuiteRunner.java:431)
at org.testng.SuiteRunner.privateRun(SuiteRunner.java:391)
at org.testng.SuiteRunner.run(SuiteRunner.java:330)
at org.testng.SuiteRunnerWorker.runSuite(SuiteRunnerWorker.java:52)
at org.testng.SuiteRunnerWorker.run(SuiteRunnerWorker.java:95)
at org.testng.TestNG.runSuitesSequentially(TestNG.java:1256)
at org.testng.TestNG.runSuitesLocally(TestNG.java:1176)
at org.testng.TestNG.runSuites(TestNG.java:1099)
at org.testng.TestNG.run(TestNG.java:1067)
at org.apache.maven.surefire.testng.TestNGExecutor.run(TestNGExecutor.java:151)
at org.apache.maven.surefire.testng.TestNGDirectoryTestSuite.executeMulti(TestNGDirectoryTestSuite.java:192)
at org.apache.maven.surefire.testng.TestNGDirectoryTestSuite.execute(TestNGDirectoryTestSuite.java:93)
at org.apache.maven.surefire.testng.TestNGProvider.invoke(TestNGProvider.java:155)
at org.apache.maven.surefire.booter.ForkedBooter.runSuitesInProcess(ForkedBooter.java:456)
at org.apache.maven.surefire.booter.ForkedBooter.execute(ForkedBooter.java:169)
at org.apache.maven.surefire.booter.ForkedBooter.run(ForkedBooter.java:595)
at org.apache.maven.surefire.booter.ForkedBooter.main(ForkedBooter.java:581)
]]>
            </full-stacktrace>
          </exception> <!-- java.lang.AssertionError -->
          <reporter-output>
          </reporter-output>
        </test-method> <!-- prevent_propagation_tab_dragdrop -->
        <test-method signature="revert_draggable_tab_dragdrop()[pri:4, instance:testcases.Droppable_Test@71ea1fda]" started-at="2023-02-02T12:36:24 IST" name="revert_draggable_tab_dragdrop" finished-at="2023-02-02T12:36:24 IST" duration-ms="227" status="FAIL">
          <exception class="org.openqa.selenium.ElementNotInteractableException">
            <message>
              <![CDATA[element not interactable: [object HTMLDivElement] has no size and location
  (Session info: chrome=108.0.5359.124)
Build info: version: '4.7.2', revision: '4d4020c3b7'
System info: os.name: 'Linux', os.arch: 'amd64', os.version: '5.14.0-1056-oem', java.version: '11.0.17'
Driver info: org.openqa.selenium.chrome.ChromeDriver
Command: [ed4d68cd2edc762fe08e3b95f5a0b915, actions {actions=[org.openqa.selenium.interactions.Sequence@396ec737]}]
Capabilities {acceptInsecureCerts: false, browserName: chrome, browserVersion: 108.0.5359.124, chrome: {chromedriverVersion: 108.0.5359.71 (1e0e3868ee06..., userDataDir: /tmp/.com.google.Chrome.fWo1fK}, goog:chromeOptions: {debuggerAddress: localhost:43299}, networkConnectionEnabled: false, pageLoadStrategy: normal, platformName: LINUX, proxy: Proxy(), se:cdp: ws://localhost:43299/devtoo..., se:cdpVersion: 108.0.5359.124, setWindowRect: true, strictFileInteractability: false, timeouts: {implicit: 0, pageLoad: 300000, script: 30000}, unhandledPromptBehavior: dismiss and notify, webauthn:extension:credBlob: true, webauthn:extension:largeBlob: true, webauthn:virtualAuthenticators: true}
Session ID: ed4d68cd2edc762fe08e3b95f5a0b915]]>
            </message>
            <full-stacktrace>
              <![CDATA[org.openqa.selenium.ElementNotInteractableException: element not interactable: [object HTMLDivElement] has no size and location
  (Session info: chrome=108.0.5359.124)
Build info: version: '4.7.2', revision: '4d4020c3b7'
System info: os.name: 'Linux', os.arch: 'amd64', os.version: '5.14.0-1056-oem', java.version: '11.0.17'
Driver info: org.openqa.selenium.chrome.ChromeDriver
Command: [ed4d68cd2edc762fe08e3b95f5a0b915, actions {actions=[org.openqa.selenium.interactions.Sequence@396ec737]}]
Capabilities {acceptInsecureCerts: false, browserName: chrome, browserVersion: 108.0.5359.124, chrome: {chromedriverVersion: 108.0.5359.71 (1e0e3868ee06..., userDataDir: /tmp/.com.google.Chrome.fWo1fK}, goog:chromeOptions: {debuggerAddress: localhost:43299}, networkConnectionEnabled: false, pageLoadStrategy: normal, platformName: LINUX, proxy: Proxy(), se:cdp: ws://localhost:43299/devtoo..., se:cdpVersion: 108.0.5359.124, setWindowRect: true, strictFileInteractability: false, timeouts: {implicit: 0, pageLoad: 300000, script: 30000}, unhandledPromptBehavior: dismiss and notify, webauthn:extension:credBlob: true, webauthn:extension:largeBlob: true, webauthn:virtualAuthenticators: true}
Session ID: ed4d68cd2edc762fe08e3b95f5a0b915
at java.base/jdk.internal.reflect.NativeConstructorAccessorImpl.newInstance0(Native Method)
at java.base/jdk.internal.reflect.NativeConstructorAccessorImpl.newInstance(NativeConstructorAccessorImpl.java:62)
at java.base/jdk.internal.reflect.DelegatingConstructorAccessorImpl.newInstance(DelegatingConstructorAccessorImpl.java:45)
at java.base/java.lang.reflect.Constructor.newInstance(Constructor.java:490)
at org.openqa.selenium.remote.codec.w3c.W3CHttpResponseCodec.createException(W3CHttpResponseCodec.java:200)
at org.openqa.selenium.remote.codec.w3c.W3CHttpResponseCodec.decode(W3CHttpResponseCodec.java:133)
at org.openqa.selenium.remote.codec.w3c.W3CHttpResponseCodec.decode(W3CHttpResponseCodec.java:53)
at org.openqa.selenium.remote.HttpCommandExecutor.execute(HttpCommandExecutor.java:184)
at org.openqa.selenium.remote.service.DriverCommandExecutor.invokeExecute(DriverCommandExecutor.java:167)
at org.openqa.selenium.remote.service.DriverCommandExecutor.execute(DriverCommandExecutor.java:142)
at org.openqa.selenium.remote.RemoteWebDriver.execute(RemoteWebDriver.java:535)
at org.openqa.selenium.remote.RemoteWebDriver.perform(RemoteWebDriver.java:603)
at org.openqa.selenium.interactions.Actions$BuiltAction.perform(Actions.java:567)
at actions.Droppable.revertable_drag(Droppable.java:109)
at testcases.Droppable_Test.revert_draggable_tab_dragdrop(Droppable_Test.java:49)
at java.base/jdk.internal.reflect.NativeMethodAccessorImpl.invoke0(Native Method)
at java.base/jdk.internal.reflect.NativeMethodAccessorImpl.invoke(NativeMethodAccessorImpl.java:62)
at java.base/jdk.internal.reflect.DelegatingMethodAccessorImpl.invoke(DelegatingMethodAccessorImpl.java:43)
at java.base/java.lang.reflect.Method.invoke(Method.java:566)
at org.testng.internal.invokers.MethodInvocationHelper.invokeMethod(MethodInvocationHelper.java:139)
at org.testng.internal.invokers.TestInvoker.invokeMethod(TestInvoker.java:677)
at org.testng.internal.invokers.TestInvoker.invokeTestMethod(TestInvoker.java:221)
at org.testng.internal.invokers.MethodRunner.runInSequence(MethodRunner.java:50)
at org.testng.internal.invokers.TestInvoker$MethodInvocationAgent.invoke(TestInvoker.java:969)
at org.testng.internal.invokers.TestInvoker.invokeTestMethods(TestInvoker.java:194)
at org.testng.internal.invokers.TestMethodWorker.invokeTestMethods(TestMethodWorker.java:148)
at org.testng.internal.invokers.TestMethodWorker.run(TestMethodWorker.java:128)
at java.base/java.util.ArrayList.forEach(ArrayList.java:1541)
at org.testng.TestRunner.privateRun(TestRunner.java:829)
at org.testng.TestRunner.run(TestRunner.java:602)
at org.testng.SuiteRunner.runTest(SuiteRunner.java:437)
at org.testng.SuiteRunner.runSequentially(SuiteRunner.java:431)
at org.testng.SuiteRunner.privateRun(SuiteRunner.java:391)
at org.testng.SuiteRunner.run(SuiteRunner.java:330)
at org.testng.SuiteRunnerWorker.runSuite(SuiteRunnerWorker.java:52)
at org.testng.SuiteRunnerWorker.run(SuiteRunnerWorker.java:95)
at org.testng.TestNG.runSuitesSequentially(TestNG.java:1256)
at org.testng.TestNG.runSuitesLocally(TestNG.java:1176)
at org.testng.TestNG.runSuites(TestNG.java:1099)
at org.testng.TestNG.run(TestNG.java:1067)
at org.apache.maven.surefire.testng.TestNGExecutor.run(TestNGExecutor.java:151)
at org.apache.maven.surefire.testng.TestNGDirectoryTestSuite.executeMulti(TestNGDirectoryTestSuite.java:192)
at org.apache.maven.surefire.testng.TestNGDirectoryTestSuite.execute(TestNGDirectoryTestSuite.java:93)
at org.apache.maven.surefire.testng.TestNGProvider.invoke(TestNGProvider.java:155)
at org.apache.maven.surefire.booter.ForkedBooter.runSuitesInProcess(ForkedBooter.java:456)
at org.apache.maven.surefire.booter.ForkedBooter.execute(ForkedBooter.java:169)
at org.apache.maven.surefire.booter.ForkedBooter.run(ForkedBooter.java:595)
at org.apache.maven.surefire.booter.ForkedBooter.main(ForkedBooter.java:581)
]]>
            </full-stacktrace>
          </exception> <!-- org.openqa.selenium.ElementNotInteractableException -->
          <reporter-output>
          </reporter-output>
        </test-method> <!-- revert_draggable_tab_dragdrop -->
        <test-method is-config="true" signature="teardown()[pri:0, instance:testcases.Droppable_Test@71ea1fda]" started-at="2023-02-02T12:36:24 IST" name="teardown" finished-at="2023-02-02T12:36:24 IST" duration-ms="103" status="PASS">
          <reporter-output>
          </reporter-output>
        </test-method> <!-- teardown -->
      </class> <!-- testcases.Droppable_Test -->
      <class name="testcases.Slider_Test">
        <test-method is-config="true" signature="setup()[pri:0, instance:testcases.Slider_Test@b273a59]" started-at="2023-02-02T12:33:42 IST" name="setup" finished-at="2023-02-02T12:33:48 IST" duration-ms="6064" status="PASS">
          <reporter-output>
          </reporter-output>
        </test-method> <!-- setup -->
        <test-method signature="navigate_to_slider()[pri:0, instance:testcases.Slider_Test@b273a59]" started-at="2023-02-02T12:33:48 IST" name="navigate_to_slider" finished-at="2023-02-02T12:33:48 IST" duration-ms="513" status="PASS">
          <reporter-output>
          </reporter-output>
        </test-method> <!-- navigate_to_slider -->
        <test-method signature="drag_drop_slider()[pri:1, instance:testcases.Slider_Test@b273a59]" started-at="2023-02-02T12:33:48 IST" name="drag_drop_slider" finished-at="2023-02-02T12:33:49 IST" duration-ms="689" status="PASS">
          <reporter-output>
          </reporter-output>
        </test-method> <!-- drag_drop_slider -->
        <test-method signature="verify_dragdrop_successful()[pri:2, instance:testcases.Slider_Test@b273a59]" started-at="2023-02-02T12:33:49 IST" name="verify_dragdrop_successful" finished-at="2023-02-02T12:33:49 IST" duration-ms="1" status="PASS">
          <reporter-output>
          </reporter-output>
        </test-method> <!-- verify_dragdrop_successful -->
        <test-method is-config="true" signature="teardown()[pri:0, instance:testcases.Slider_Test@b273a59]" started-at="2023-02-02T12:33:49 IST" name="teardown" finished-at="2023-02-02T12:33:49 IST" duration-ms="154" status="PASS">
          <reporter-output>
          </reporter-output>
        </test-method> <!-- teardown -->
      </class> <!-- testcases.Slider_Test -->
      <class name="testcases.RadioButton_Test">
        <test-method is-config="true" signature="setup()[pri:0, instance:testcases.RadioButton_Test@5bb3d42d]" started-at="2023-02-02T12:33:31 IST" name="setup" finished-at="2023-02-02T12:33:40 IST" duration-ms="8851" status="PASS">
          <reporter-output>
          </reporter-output>
        </test-method> <!-- setup -->
        <test-method signature="navigate_to_radio_button()[pri:0, instance:testcases.RadioButton_Test@5bb3d42d]" started-at="2023-02-02T12:33:40 IST" name="navigate_to_radio_button" finished-at="2023-02-02T12:33:40 IST" duration-ms="483" status="PASS">
          <reporter-output>
          </reporter-output>
        </test-method> <!-- navigate_to_radio_button -->
        <test-method signature="select_radio_button()[pri:1, instance:testcases.RadioButton_Test@5bb3d42d]" started-at="2023-02-02T12:33:40 IST" name="select_radio_button" finished-at="2023-02-02T12:33:41 IST" duration-ms="830" status="PASS">
          <reporter-output>
          </reporter-output>
        </test-method> <!-- select_radio_button -->
        <test-method signature="verifyDisabledRadio()[pri:2, instance:testcases.RadioButton_Test@5bb3d42d]" started-at="2023-02-02T12:33:41 IST" name="verifyDisabledRadio" finished-at="2023-02-02T12:33:42 IST" duration-ms="407" status="PASS">
          <reporter-output>
          </reporter-output>
        </test-method> <!-- verifyDisabledRadio -->
        <test-method is-config="true" signature="teardown()[pri:0, instance:testcases.RadioButton_Test@5bb3d42d]" started-at="2023-02-02T12:33:42 IST" name="teardown" finished-at="2023-02-02T12:33:42 IST" duration-ms="104" status="PASS">
          <reporter-output>
          </reporter-output>
        </test-method> <!-- teardown -->
      </class> <!-- testcases.RadioButton_Test -->
      <class name="testcases.Links_Test">
        <test-method is-config="true" signature="setup()[pri:0, instance:testcases.Links_Test@4c7a078]" started-at="2023-02-02T12:37:20 IST" name="setup" finished-at="2023-02-02T12:37:29 IST" duration-ms="9201" status="PASS">
          <reporter-output>
          </reporter-output>
        </test-method> <!-- setup -->
        <test-method signature="navigateToLinks()[pri:0, instance:testcases.Links_Test@4c7a078]" started-at="2023-02-02T12:37:29 IST" name="navigateToLinks" finished-at="2023-02-02T12:37:30 IST" duration-ms="345" status="PASS">
          <reporter-output>
          </reporter-output>
        </test-method> <!-- navigateToLinks -->
        <test-method signature="clickLinks()[pri:1, instance:testcases.Links_Test@4c7a078]" started-at="2023-02-02T12:37:30 IST" name="clickLinks" finished-at="2023-02-02T12:37:31 IST" duration-ms="1564" status="PASS">
          <reporter-output>
          </reporter-output>
        </test-method> <!-- clickLinks -->
        <test-method is-config="true" signature="teardown()[pri:0, instance:testcases.Links_Test@4c7a078]" started-at="2023-02-02T12:37:31 IST" name="teardown" finished-at="2023-02-02T12:37:31 IST" duration-ms="120" status="PASS">
          <reporter-output>
          </reporter-output>
        </test-method> <!-- teardown -->
      </class> <!-- testcases.Links_Test -->
      <class name="testcases.Accordian_Test">
        <test-method is-config="true" signature="setup()[pri:0, instance:testcases.Accordian_Test@589b028e]" started-at="2023-02-02T12:35:37 IST" name="setup" finished-at="2023-02-02T12:35:44 IST" duration-ms="6918" status="PASS">
          <reporter-output>
          </reporter-output>
        </test-method> <!-- setup -->
        <test-method signature="navigate_to_accordian()[pri:0, instance:testcases.Accordian_Test@589b028e]" started-at="2023-02-02T12:35:44 IST" name="navigate_to_accordian" finished-at="2023-02-02T12:35:45 IST" duration-ms="533" status="PASS">
          <reporter-output>
          </reporter-output>
        </test-method> <!-- navigate_to_accordian -->
        <test-method signature="heading1()[pri:1, instance:testcases.Accordian_Test@589b028e]" started-at="2023-02-02T12:35:45 IST" name="heading1" finished-at="2023-02-02T12:35:45 IST" duration-ms="214" status="PASS">
          <reporter-output>
          </reporter-output>
        </test-method> <!-- heading1 -->
        <test-method signature="heading2()[pri:2, instance:testcases.Accordian_Test@589b028e]" started-at="2023-02-02T12:35:45 IST" name="heading2" finished-at="2023-02-02T12:35:45 IST" duration-ms="175" status="PASS">
          <reporter-output>
          </reporter-output>
        </test-method> <!-- heading2 -->
        <test-method signature="heading3()[pri:3, instance:testcases.Accordian_Test@589b028e]" started-at="2023-02-02T12:35:45 IST" name="heading3" finished-at="2023-02-02T12:35:45 IST" duration-ms="204" status="PASS">
          <reporter-output>
          </reporter-output>
        </test-method> <!-- heading3 -->
        <test-method is-config="true" signature="teardown()[pri:0, instance:testcases.Accordian_Test@589b028e]" started-at="2023-02-02T12:35:45 IST" name="teardown" finished-at="2023-02-02T12:35:45 IST" duration-ms="102" status="PASS">
          <reporter-output>
          </reporter-output>
        </test-method> <!-- teardown -->
      </class> <!-- testcases.Accordian_Test -->
    </test> <!-- Surefire test -->
  </suite> <!-- Surefire suite -->
</testng-results>
