<?xml version="1.0" encoding="UTF-8"?>
<!-- Generated by org.testng.reporters.JUnitXMLReporter -->
<testsuite ignored="3" hostname="josh-Latitude-3410" failures="0" tests="6" name="Default test" time="0.809" errors="0" timestamp="2023-01-20T16:02:32 IST">
  <testcase classname="testcases.Test_DatePicker" name="navigate_to_datepicker" time="0.187"/>
  <testcase classname="testcases.Test_DatePicker" name="select_calender1" time="0.102"/>
  <testcase classname="testcases.Test_DatePicker" name="select_year" time="0.104"/>
  <testcase classname="testcases.Test_DatePicker" name="select_month" time="0.092"/>
  <testcase classname="testcases.Test_DatePicker" name="select_date" time="0.048"/>
  <testcase classname="testcases.Test_DatePicker" name="calender2_date_time" time="0.237"/>
  <testcase classname="testcases.Test_DatePicker" name="select_calender2" time="0.0">
    <ignored/>
  </testcase> <!-- select_calender2 -->
  <testcase classname="testcases.Test_DatePicker" name="select_year_calender2" time="0.0">
    <ignored/>
  </testcase> <!-- select_year_calender2 -->
  <testcase classname="testcases.Test_DatePicker" name="select_month_calender2" time="0.0">
    <ignored/>
  </testcase> <!-- select_month_calender2 -->
</testsuite> <!-- Default test -->
