<?xml version="1.0" encoding="UTF-8"?>
<!-- Generated by org.testng.reporters.JUnitXMLReporter -->
<testsuite ignored="0" hostname="josh-Latitude-3410" failures="1" tests="4" name="DemoQA" time="14.46" errors="0" timestamp="2023-02-05T12:35:35 IST">
  <testcase classname="testcases.Windows_Test" name="navigate_to_windows" time="0.717"/>
  <testcase classname="testcases.Windows_Test" name="new_tab" time="1.043"/>
  <testcase classname="testcases.Windows_Test" name="new_window" time="0.676"/>
  <testcase classname="testcases.Windows_Test" name="new_msg_window" time="0.264">
    <failure type="java.lang.AssertionError" message="expected [Knowledge increases by sharing but not by saving. Please share this website with your friends and in your organization.] but found [This is a sample page]">
      <![CDATA[java.lang.AssertionError: expected [Knowledge increases by sharing but not by saving. Please share this website with your friends and in your organization.] but found [This is a sample page]
at utilities.CommonUtilities.verify_texts_equal(CommonUtilities.java:33)
at actions.Windows.verify_msgwindow_heading(Windows.java:36)
at testcases.Windows_Test.new_msg_window(Windows_Test.java:53)
at java.base/java.util.ArrayList.forEach(ArrayList.java:1511)
... Removed 33 stack frames]]>
    </failure>
  </testcase> <!-- new_msg_window -->
</testsuite> <!-- DemoQA -->
