<?xml version="1.0" encoding="UTF-8"?>
<testng-results ignored="0" total="4" passed="4" failed="0" skipped="0">
  <reporter-output>
  </reporter-output>
  <suite started-at="2023-01-24T11:50:24 IST" name="Default suite" finished-at="2023-01-24T11:50:42 IST" duration-ms="17904">
    <groups>
    </groups>
    <test started-at="2023-01-24T11:50:24 IST" name="Default test" finished-at="2023-01-24T11:50:42 IST" duration-ms="17904">
      <class name="testcases.Webtable_Test">
        <test-method is-config="true" signature="setup()[pri:0, instance:testcases.Webtable_Test@6079cf5]" started-at="2023-01-24T11:50:24 IST" name="setup" finished-at="2023-01-24T11:50:40 IST" duration-ms="16221" status="PASS">
          <reporter-output>
          </reporter-output>
        </test-method> <!-- setup -->
        <test-method signature="printRow1()[pri:0, instance:testcases.Webtable_Test@6079cf5]" started-at="2023-01-24T11:50:40 IST" name="printRow1" finished-at="2023-01-24T11:50:41 IST" duration-ms="391" status="PASS">
          <reporter-output>
          </reporter-output>
        </test-method> <!-- printRow1 -->
        <test-method signature="editRow1()[pri:1, instance:testcases.Webtable_Test@6079cf5]" started-at="2023-01-24T11:50:41 IST" name="editRow1" finished-at="2023-01-24T11:50:42 IST" duration-ms="1000" status="PASS">
          <reporter-output>
          </reporter-output>
        </test-method> <!-- editRow1 -->
        <test-method signature="submitData()[pri:2, instance:testcases.Webtable_Test@6079cf5]" started-at="2023-01-24T11:50:42 IST" name="submitData" finished-at="2023-01-24T11:50:42 IST" duration-ms="67" status="PASS">
          <reporter-output>
          </reporter-output>
        </test-method> <!-- submitData -->
        <test-method signature="verifyEdits()[pri:3, instance:testcases.Webtable_Test@6079cf5]" started-at="2023-01-24T11:50:42 IST" name="verifyEdits" finished-at="2023-01-24T11:50:42 IST" duration-ms="91" status="PASS">
          <reporter-output>
          </reporter-output>
        </test-method> <!-- verifyEdits -->
        <test-method is-config="true" signature="teardown()[pri:0, instance:testcases.Webtable_Test@6079cf5]" started-at="2023-01-24T11:50:42 IST" name="teardown" finished-at="2023-01-24T11:50:42 IST" duration-ms="104" status="PASS">
          <reporter-output>
          </reporter-output>
        </test-method> <!-- teardown -->
      </class> <!-- testcases.Webtable_Test -->
    </test> <!-- Default test -->
  </suite> <!-- Default suite -->
</testng-results>
