<?xml version="1.0" encoding="UTF-8"?>
<testng-results ignored="0" total="4" passed="4" failed="0" skipped="0">
  <reporter-output>
  </reporter-output>
  <suite started-at="2023-02-03T16:23:14 IST" name="Default suite" finished-at="2023-02-03T16:23:15 IST" duration-ms="1447">
    <groups>
    </groups>
    <test started-at="2023-02-03T16:23:14 IST" name="Default test" finished-at="2023-02-03T16:23:15 IST" duration-ms="1447">
      <class name="excel.utility.Demo">
        <test-method signature="signIn(java.lang.String,java.lang.String)[pri:0, instance:excel.utility.Demo@fba92d3]" started-at="2023-02-03T16:23:15 IST" name="signIn" data-provider="excel-data" finished-at="2023-02-03T16:23:15 IST" duration-ms="8" status="PASS">
          <params>
            <param index="0">
              <value>
                <![CDATA[Name]]>
              </value>
            </param>
            <param index="1">
              <value>
                <![CDATA[Pallavi Patil]]>
              </value>
            </param>
          </params>
          <reporter-output>
          </reporter-output>
        </test-method> <!-- signIn -->
        <test-method signature="signIn(java.lang.String,java.lang.String)[pri:0, instance:excel.utility.Demo@fba92d3]" started-at="2023-02-03T16:23:15 IST" name="signIn" data-provider="excel-data" finished-at="2023-02-03T16:23:15 IST" duration-ms="2" status="PASS">
          <params>
            <param index="0">
              <value>
                <![CDATA[Email]]>
              </value>
            </param>
            <param index="1">
              <value>
                <![CDATA[pallavi.patil@joshsoftware.com]]>
              </value>
            </param>
          </params>
          <reporter-output>
          </reporter-output>
        </test-method> <!-- signIn -->
        <test-method signature="signIn(java.lang.String,java.lang.String)[pri:0, instance:excel.utility.Demo@fba92d3]" started-at="2023-02-03T16:23:15 IST" name="signIn" data-provider="excel-data" finished-at="2023-02-03T16:23:15 IST" duration-ms="1" status="PASS">
          <params>
            <param index="0">
              <value>
                <![CDATA[Current address]]>
              </value>
            </param>
            <param index="1">
              <value>
                <![CDATA[Pune]]>
              </value>
            </param>
          </params>
          <reporter-output>
          </reporter-output>
        </test-method> <!-- signIn -->
        <test-method signature="signIn(java.lang.String,java.lang.String)[pri:0, instance:excel.utility.Demo@fba92d3]" started-at="2023-02-03T16:23:15 IST" name="signIn" data-provider="excel-data" finished-at="2023-02-03T16:23:15 IST" duration-ms="1" status="PASS">
          <params>
            <param index="0">
              <value>
                <![CDATA[Permanent Address]]>
              </value>
            </param>
            <param index="1">
              <value>
                <![CDATA[Miraj]]>
              </value>
            </param>
          </params>
          <reporter-output>
          </reporter-output>
        </test-method> <!-- signIn -->
      </class> <!-- excel.utility.Demo -->
    </test> <!-- Default test -->
  </suite> <!-- Default suite -->
</testng-results>
